This is pdfTeX, Version 3.14159265-2.6-1.40.21 (TeX Live 2020/W32TeX) (preloaded format=pdflatex 2021.3.18)  25 APR 2021 22:09
entering extended mode
 restricted \write18 enabled.
 %&-line parsing enabled.
**HW4.tex
(./HW4.tex
LaTeX2e <2020-10-01> patch level 4
L3 programming layer <2021-02-18>
(c:/Users/Zachary Palmore/AppData/Roaming/TinyTeX/texmf-dist/tex/latex/base/art
icle.cls
Document Class: article 2020/04/10 v1.4m Standard LaTeX document class

(c:/Users/Zachary Palmore/AppData/Roaming/TinyTeX/texmf-dist/tex/latex/base/siz
e10.clo
File: size10.clo 2020/04/10 v1.4m Standard LaTeX file (size option)
)
\c@part=\count179
\c@section=\count180
\c@subsection=\count181
\c@subsubsection=\count182
\c@paragraph=\count183
\c@subparagraph=\count184
\c@figure=\count185
\c@table=\count186
\abovecaptionskip=\skip47
\belowcaptionskip=\skip48
\bibindent=\dimen138
)
(c:/Users/Zachary Palmore/AppData/Roaming/TinyTeX/texmf-dist/tex/latex/lm/lmode
rn.sty
Package: lmodern 2009/10/30 v1.6 Latin Modern Fonts
LaTeX Font Info:    Overwriting symbol font `operators' in version `normal'
(Font)                  OT1/cmr/m/n --> OT1/lmr/m/n on input line 22.
LaTeX Font Info:    Overwriting symbol font `letters' in version `normal'
(Font)                  OML/cmm/m/it --> OML/lmm/m/it on input line 23.
LaTeX Font Info:    Overwriting symbol font `symbols' in version `normal'
(Font)                  OMS/cmsy/m/n --> OMS/lmsy/m/n on input line 24.
LaTeX Font Info:    Overwriting symbol font `largesymbols' in version `normal'
(Font)                  OMX/cmex/m/n --> OMX/lmex/m/n on input line 25.
LaTeX Font Info:    Overwriting symbol font `operators' in version `bold'
(Font)                  OT1/cmr/bx/n --> OT1/lmr/bx/n on input line 26.
LaTeX Font Info:    Overwriting symbol font `letters' in version `bold'
(Font)                  OML/cmm/b/it --> OML/lmm/b/it on input line 27.
LaTeX Font Info:    Overwriting symbol font `symbols' in version `bold'
(Font)                  OMS/cmsy/b/n --> OMS/lmsy/b/n on input line 28.
LaTeX Font Info:    Overwriting symbol font `largesymbols' in version `bold'
(Font)                  OMX/cmex/m/n --> OMX/lmex/m/n on input line 29.
LaTeX Font Info:    Overwriting math alphabet `\mathbf' in version `normal'
(Font)                  OT1/cmr/bx/n --> OT1/lmr/bx/n on input line 31.
LaTeX Font Info:    Overwriting math alphabet `\mathsf' in version `normal'
(Font)                  OT1/cmss/m/n --> OT1/lmss/m/n on input line 32.
LaTeX Font Info:    Overwriting math alphabet `\mathit' in version `normal'
(Font)                  OT1/cmr/m/it --> OT1/lmr/m/it on input line 33.
LaTeX Font Info:    Overwriting math alphabet `\mathtt' in version `normal'
(Font)                  OT1/cmtt/m/n --> OT1/lmtt/m/n on input line 34.
LaTeX Font Info:    Overwriting math alphabet `\mathbf' in version `bold'
(Font)                  OT1/cmr/bx/n --> OT1/lmr/bx/n on input line 35.
LaTeX Font Info:    Overwriting math alphabet `\mathsf' in version `bold'
(Font)                  OT1/cmss/bx/n --> OT1/lmss/bx/n on input line 36.
LaTeX Font Info:    Overwriting math alphabet `\mathit' in version `bold'
(Font)                  OT1/cmr/bx/it --> OT1/lmr/bx/it on input line 37.
LaTeX Font Info:    Overwriting math alphabet `\mathtt' in version `bold'
(Font)                  OT1/cmtt/m/n --> OT1/lmtt/m/n on input line 38.
)
(c:/Users/Zachary Palmore/AppData/Roaming/TinyTeX/texmf-dist/tex/latex/amsfonts
/amssymb.sty
Package: amssymb 2013/01/14 v3.01 AMS font symbols

(c:/Users/Zachary Palmore/AppData/Roaming/TinyTeX/texmf-dist/tex/latex/amsfonts
/amsfonts.sty
Package: amsfonts 2013/01/14 v3.01 Basic AMSFonts support
\@emptytoks=\toks15
\symAMSa=\mathgroup4
\symAMSb=\mathgroup5
LaTeX Font Info:    Redeclaring math symbol \hbar on input line 98.
LaTeX Font Info:    Overwriting math alphabet `\mathfrak' in version `bold'
(Font)                  U/euf/m/n --> U/euf/b/n on input line 106.
))
(c:/Users/Zachary Palmore/AppData/Roaming/TinyTeX/texmf-dist/tex/latex/amsmath/
amsmath.sty
Package: amsmath 2020/09/23 v2.17i AMS math features
\@mathmargin=\skip49
For additional information on amsmath, use the `?' option.

(c:/Users/Zachary Palmore/AppData/Roaming/TinyTeX/texmf-dist/tex/latex/amsmath/
amstext.sty
Package: amstext 2000/06/29 v2.01 AMS text

(c:/Users/Zachary Palmore/AppData/Roaming/TinyTeX/texmf-dist/tex/latex/amsmath/
amsgen.sty
File: amsgen.sty 1999/11/30 v2.0 generic functions
\@emptytoks=\toks16
\ex@=\dimen139
))
(c:/Users/Zachary Palmore/AppData/Roaming/TinyTeX/texmf-dist/tex/latex/amsmath/
amsbsy.sty
Package: amsbsy 1999/11/29 v1.2d Bold Symbols
\pmbraise@=\dimen140
)
(c:/Users/Zachary Palmore/AppData/Roaming/TinyTeX/texmf-dist/tex/latex/amsmath/
amsopn.sty
Package: amsopn 2016/03/08 v2.02 operator names
)
\inf@bad=\count187
LaTeX Info: Redefining \frac on input line 234.
\uproot@=\count188
\leftroot@=\count189
LaTeX Info: Redefining \overline on input line 399.
\classnum@=\count190
\DOTSCASE@=\count191
LaTeX Info: Redefining \ldots on input line 496.
LaTeX Info: Redefining \dots on input line 499.
LaTeX Info: Redefining \cdots on input line 620.
\Mathstrutbox@=\box47
\strutbox@=\box48
\big@size=\dimen141
LaTeX Font Info:    Redeclaring font encoding OML on input line 743.
LaTeX Font Info:    Redeclaring font encoding OMS on input line 744.
\macc@depth=\count192
\c@MaxMatrixCols=\count193
\dotsspace@=\muskip16
\c@parentequation=\count194
\dspbrk@lvl=\count195
\tag@help=\toks17
\row@=\count196
\column@=\count197
\maxfields@=\count198
\andhelp@=\toks18
\eqnshift@=\dimen142
\alignsep@=\dimen143
\tagshift@=\dimen144
\tagwidth@=\dimen145
\totwidth@=\dimen146
\lineht@=\dimen147
\@envbody=\toks19
\multlinegap=\skip50
\multlinetaggap=\skip51
\mathdisplay@stack=\toks20
LaTeX Info: Redefining \[ on input line 2923.
LaTeX Info: Redefining \] on input line 2924.
)
(c:/Users/Zachary Palmore/AppData/Roaming/TinyTeX/texmf-dist/tex/generic/iftex/
ifxetex.sty
Package: ifxetex 2019/10/25 v0.7 ifxetex legacy package. Use iftex instead.

(c:/Users/Zachary Palmore/AppData/Roaming/TinyTeX/texmf-dist/tex/generic/iftex/
iftex.sty
Package: iftex 2020/03/06 v1.0d TeX engine tests
))
(c:/Users/Zachary Palmore/AppData/Roaming/TinyTeX/texmf-dist/tex/generic/iftex/
ifluatex.sty
Package: ifluatex 2019/10/25 v1.5 ifluatex legacy package. Use iftex instead.
)
(c:/Users/Zachary Palmore/AppData/Roaming/TinyTeX/texmf-dist/tex/latex/base/fon
tenc.sty
Package: fontenc 2020/08/10 v2.0s Standard LaTeX package
LaTeX Font Info:    Trying to load font information for T1+lmr on input line 11
2.

(c:/Users/Zachary Palmore/AppData/Roaming/TinyTeX/texmf-dist/tex/latex/lm/t1lmr
.fd
File: t1lmr.fd 2009/10/30 v1.6 Font defs for Latin Modern
))
(c:/Users/Zachary Palmore/AppData/Roaming/TinyTeX/texmf-dist/tex/latex/base/inp
utenc.sty
Package: inputenc 2020/08/01 v1.3d Input encoding file
\inpenc@prehook=\toks21
\inpenc@posthook=\toks22
)
(c:/Users/Zachary Palmore/AppData/Roaming/TinyTeX/texmf-dist/tex/latex/base/tex
tcomp.sty
Package: textcomp 2020/02/02 v2.0n Standard LaTeX package
)
(c:/Users/Zachary Palmore/AppData/Roaming/TinyTeX/texmf-dist/tex/latex/xcolor/x
color.sty
Package: xcolor 2016/05/11 v2.12 LaTeX color extensions (UK)

(c:/Users/Zachary Palmore/AppData/Roaming/TinyTeX/texmf-dist/tex/latex/graphics
-cfg/color.cfg
File: color.cfg 2016/01/02 v1.6 sample color configuration
)
Package xcolor Info: Driver file: pdftex.def on input line 225.

(c:/Users/Zachary Palmore/AppData/Roaming/TinyTeX/texmf-dist/tex/latex/graphics
-def/pdftex.def
File: pdftex.def 2020/10/05 v1.2a Graphics/color driver for pdftex
)
Package xcolor Info: Model `cmy' substituted by `cmy0' on input line 1348.
Package xcolor Info: Model `hsb' substituted by `rgb' on input line 1352.
Package xcolor Info: Model `RGB' extended on input line 1364.
Package xcolor Info: Model `HTML' substituted by `rgb' on input line 1366.
Package xcolor Info: Model `Hsb' substituted by `hsb' on input line 1367.
Package xcolor Info: Model `tHsb' substituted by `hsb' on input line 1368.
Package xcolor Info: Model `HSB' substituted by `hsb' on input line 1369.
Package xcolor Info: Model `Gray' substituted by `gray' on input line 1370.
Package xcolor Info: Model `wave' substituted by `hsb' on input line 1371.
)
(c:/Users/Zachary Palmore/AppData/Roaming/TinyTeX/texmf-dist/tex/latex/hyperref
/hyperref.sty
Package: hyperref 2021-02-27 v7.00k Hypertext links for LaTeX

(c:/Users/Zachary Palmore/AppData/Roaming/TinyTeX/texmf-dist/tex/generic/ltxcmd
s/ltxcmds.sty
Package: ltxcmds 2020-05-10 v1.25 LaTeX kernel commands for general use (HO)
)
(c:/Users/Zachary Palmore/AppData/Roaming/TinyTeX/texmf-dist/tex/generic/pdftex
cmds/pdftexcmds.sty
Package: pdftexcmds 2020-06-27 v0.33 Utility functions of pdfTeX for LuaTeX (HO
)

(c:/Users/Zachary Palmore/AppData/Roaming/TinyTeX/texmf-dist/tex/generic/infwar
err/infwarerr.sty
Package: infwarerr 2019/12/03 v1.5 Providing info/warning/error messages (HO)
)
Package pdftexcmds Info: \pdf@primitive is available.
Package pdftexcmds Info: \pdf@ifprimitive is available.
Package pdftexcmds Info: \pdfdraftmode found.
)
(c:/Users/Zachary Palmore/AppData/Roaming/TinyTeX/texmf-dist/tex/latex/graphics
/keyval.sty
Package: keyval 2014/10/28 v1.15 key=value parser (DPC)
\KV@toks@=\toks23
)
(c:/Users/Zachary Palmore/AppData/Roaming/TinyTeX/texmf-dist/tex/generic/kvsetk
eys/kvsetkeys.sty
Package: kvsetkeys 2019/12/15 v1.18 Key value parser (HO)
)
(c:/Users/Zachary Palmore/AppData/Roaming/TinyTeX/texmf-dist/tex/generic/kvdefi
nekeys/kvdefinekeys.sty
Package: kvdefinekeys 2019-12-19 v1.6 Define keys (HO)
)
(c:/Users/Zachary Palmore/AppData/Roaming/TinyTeX/texmf-dist/tex/generic/pdfesc
ape/pdfescape.sty
Package: pdfescape 2019/12/09 v1.15 Implements pdfTeX's escape features (HO)
)
(c:/Users/Zachary Palmore/AppData/Roaming/TinyTeX/texmf-dist/tex/latex/hycolor/
hycolor.sty
Package: hycolor 2020-01-27 v1.10 Color options for hyperref/bookmark (HO)
)
(c:/Users/Zachary Palmore/AppData/Roaming/TinyTeX/texmf-dist/tex/latex/letltxma
cro/letltxmacro.sty
Package: letltxmacro 2019/12/03 v1.6 Let assignment for LaTeX macros (HO)
)
(c:/Users/Zachary Palmore/AppData/Roaming/TinyTeX/texmf-dist/tex/latex/auxhook/
auxhook.sty
Package: auxhook 2019-12-17 v1.6 Hooks for auxiliary files (HO)
)
(c:/Users/Zachary Palmore/AppData/Roaming/TinyTeX/texmf-dist/tex/latex/kvoption
s/kvoptions.sty
Package: kvoptions 2020-10-07 v3.14 Key value format for package options (HO)
)
\@linkdim=\dimen148
\Hy@linkcounter=\count199
\Hy@pagecounter=\count266

(c:/Users/Zachary Palmore/AppData/Roaming/TinyTeX/texmf-dist/tex/latex/hyperref
/pd1enc.def
File: pd1enc.def 2021-02-27 v7.00k Hyperref: PDFDocEncoding definition (HO)
Now handling font encoding PD1 ...
... no UTF-8 mapping file for font encoding PD1
)
(c:/Users/Zachary Palmore/AppData/Roaming/TinyTeX/texmf-dist/tex/latex/hyperref
/hyperref-langpatches.def
File: hyperref-langpatches.def 2021-02-27 v7.00k Hyperref: patches for babel la
nguages
)
(c:/Users/Zachary Palmore/AppData/Roaming/TinyTeX/texmf-dist/tex/generic/intcal
c/intcalc.sty
Package: intcalc 2019/12/15 v1.3 Expandable calculations with integers (HO)
)
(c:/Users/Zachary Palmore/AppData/Roaming/TinyTeX/texmf-dist/tex/generic/etexcm
ds/etexcmds.sty
Package: etexcmds 2019/12/15 v1.7 Avoid name clashes with e-TeX commands (HO)
)
\Hy@SavedSpaceFactor=\count267

(c:/Users/Zachary Palmore/AppData/Roaming/TinyTeX/texmf-dist/tex/latex/hyperref
/puenc.def
File: puenc.def 2021-02-27 v7.00k Hyperref: PDF Unicode definition (HO)
Now handling font encoding PU ...
... no UTF-8 mapping file for font encoding PU
)
Package hyperref Info: Option `unicode' set `true' on input line 4073.
Package hyperref Info: Hyper figures OFF on input line 4192.
Package hyperref Info: Link nesting OFF on input line 4197.
Package hyperref Info: Hyper index ON on input line 4200.
Package hyperref Info: Plain pages OFF on input line 4207.
Package hyperref Info: Backreferencing OFF on input line 4212.
Package hyperref Info: Implicit mode ON; LaTeX internals redefined.
Package hyperref Info: Bookmarks ON on input line 4445.
\c@Hy@tempcnt=\count268

(c:/Users/Zachary Palmore/AppData/Roaming/TinyTeX/texmf-dist/tex/latex/url/url.
sty
\Urlmuskip=\muskip17
Package: url 2013/09/16  ver 3.4  Verb mode for urls, etc.
)
LaTeX Info: Redefining \url on input line 4804.
\XeTeXLinkMargin=\dimen149

(c:/Users/Zachary Palmore/AppData/Roaming/TinyTeX/texmf-dist/tex/generic/bitset
/bitset.sty
Package: bitset 2019/12/09 v1.3 Handle bit-vector datatype (HO)

(c:/Users/Zachary Palmore/AppData/Roaming/TinyTeX/texmf-dist/tex/generic/bigint
calc/bigintcalc.sty
Package: bigintcalc 2019/12/15 v1.5 Expandable calculations on big integers (HO
)
))
\Fld@menulength=\count269
\Field@Width=\dimen150
\Fld@charsize=\dimen151
Package hyperref Info: Hyper figures OFF on input line 6075.
Package hyperref Info: Link nesting OFF on input line 6080.
Package hyperref Info: Hyper index ON on input line 6083.
Package hyperref Info: backreferencing OFF on input line 6090.
Package hyperref Info: Link coloring OFF on input line 6095.
Package hyperref Info: Link coloring with OCG OFF on input line 6100.
Package hyperref Info: PDF/A mode OFF on input line 6105.
LaTeX Info: Redefining \ref on input line 6145.
LaTeX Info: Redefining \pageref on input line 6149.

(c:/Users/Zachary Palmore/AppData/Roaming/TinyTeX/texmf-dist/tex/latex/base/atb
egshi-ltx.sty
Package: atbegshi-ltx 2020/08/17 v1.0a Emulation of the original atbegshi packa
ge
with kernel methods
)
\Hy@abspage=\count270
\c@Item=\count271
\c@Hfootnote=\count272
)
Package hyperref Info: Driver (autodetected): hpdftex.

(c:/Users/Zachary Palmore/AppData/Roaming/TinyTeX/texmf-dist/tex/latex/hyperref
/hpdftex.def
File: hpdftex.def 2021-02-27 v7.00k Hyperref driver for pdfTeX

(c:/Users/Zachary Palmore/AppData/Roaming/TinyTeX/texmf-dist/tex/latex/base/atv
eryend-ltx.sty
Package: atveryend-ltx 2020/08/19 v1.0a Emulation of the original atvery packag
e
with kernel methods
)
\Fld@listcount=\count273
\c@bookmark@seq@number=\count274

(c:/Users/Zachary Palmore/AppData/Roaming/TinyTeX/texmf-dist/tex/latex/rerunfil
echeck/rerunfilecheck.sty
Package: rerunfilecheck 2019/12/05 v1.9 Rerun checks for auxiliary files (HO)

(c:/Users/Zachary Palmore/AppData/Roaming/TinyTeX/texmf-dist/tex/generic/unique
counter/uniquecounter.sty
Package: uniquecounter 2019/12/15 v1.4 Provide unlimited unique counter (HO)
)
Package uniquecounter Info: New unique counter `rerunfilecheck' on input line 2
86.
)
\Hy@SectionHShift=\skip52
)
(c:/Users/Zachary Palmore/AppData/Roaming/TinyTeX/texmf-dist/tex/latex/geometry
/geometry.sty
Package: geometry 2020/01/02 v5.9 Page Geometry

(c:/Users/Zachary Palmore/AppData/Roaming/TinyTeX/texmf-dist/tex/generic/iftex/
ifvtex.sty
Package: ifvtex 2019/10/25 v1.7 ifvtex legacy package. Use iftex instead.
)
\Gm@cnth=\count275
\Gm@cntv=\count276
\c@Gm@tempcnt=\count277
\Gm@bindingoffset=\dimen152
\Gm@wd@mp=\dimen153
\Gm@odd@mp=\dimen154
\Gm@even@mp=\dimen155
\Gm@layoutwidth=\dimen156
\Gm@layoutheight=\dimen157
\Gm@layouthoffset=\dimen158
\Gm@layoutvoffset=\dimen159
\Gm@dimlist=\toks24
)
(c:/Users/Zachary Palmore/AppData/Roaming/TinyTeX/texmf-dist/tex/latex/fancyvrb
/fancyvrb.sty
Package: fancyvrb 2021/01/20 v3.7 verbatim text (tvz,hv)
\FV@CodeLineNo=\count278
\FV@InFile=\read2
\FV@TabBox=\box49
\c@FancyVerbLine=\count279
\FV@StepNumber=\count280
\FV@OutFile=\write3
)
(c:/Users/Zachary Palmore/AppData/Roaming/TinyTeX/texmf-dist/tex/latex/framed/f
ramed.sty
Package: framed 2011/10/22 v 0.96: framed or shaded text with page breaks
\OuterFrameSep=\skip53
\fb@frw=\dimen160
\fb@frh=\dimen161
\FrameRule=\dimen162
\FrameSep=\dimen163
)
(c:/Users/Zachary Palmore/AppData/Roaming/TinyTeX/texmf-dist/tex/latex/graphics
/graphicx.sty
Package: graphicx 2020/09/09 v1.2b Enhanced LaTeX Graphics (DPC,SPQR)

(c:/Users/Zachary Palmore/AppData/Roaming/TinyTeX/texmf-dist/tex/latex/graphics
/graphics.sty
Package: graphics 2020/08/30 v1.4c Standard LaTeX Graphics (DPC,SPQR)

(c:/Users/Zachary Palmore/AppData/Roaming/TinyTeX/texmf-dist/tex/latex/graphics
/trig.sty
Package: trig 2016/01/03 v1.10 sin cos tan (DPC)
)
(c:/Users/Zachary Palmore/AppData/Roaming/TinyTeX/texmf-dist/tex/latex/graphics
-cfg/graphics.cfg
File: graphics.cfg 2016/06/04 v1.11 sample graphics configuration
)
Package graphics Info: Driver file: pdftex.def on input line 105.
)
\Gin@req@height=\dimen164
\Gin@req@width=\dimen165
)
(c:/Users/Zachary Palmore/AppData/Roaming/TinyTeX/texmf-dist/tex/latex/grffile/
grffile.sty
Package: grffile 2019/11/11 v2.1 Extended file name support for graphics (legac
y)
Package grffile Info: This package is an empty stub for compatibility on input 
line 40.
)
(c:/Users/Zachary Palmore/AppData/Roaming/TinyTeX/texmf-dist/tex/latex/booktabs
/booktabs.sty
Package: booktabs 2020/01/12 v1.61803398 Publication quality tables
\heavyrulewidth=\dimen166
\lightrulewidth=\dimen167
\cmidrulewidth=\dimen168
\belowrulesep=\dimen169
\belowbottomsep=\dimen170
\aboverulesep=\dimen171
\abovetopsep=\dimen172
\cmidrulesep=\dimen173
\cmidrulekern=\dimen174
\defaultaddspace=\dimen175
\@cmidla=\count281
\@cmidlb=\count282
\@aboverulesep=\dimen176
\@belowrulesep=\dimen177
\@thisruleclass=\count283
\@lastruleclass=\count284
\@thisrulewidth=\dimen178
)
(c:/Users/Zachary Palmore/AppData/Roaming/TinyTeX/texmf-dist/tex/latex/tools/lo
ngtable.sty
Package: longtable 2020/01/07 v4.13 Multi-page Table package (DPC)
\LTleft=\skip54
\LTright=\skip55
\LTpre=\skip56
\LTpost=\skip57
\LTchunksize=\count285
\LTcapwidth=\dimen179
\LT@head=\box50
\LT@firsthead=\box51
\LT@foot=\box52
\LT@lastfoot=\box53
\LT@cols=\count286
\LT@rows=\count287
\c@LT@tables=\count288
\c@LT@chunks=\count289
\LT@p@ftn=\toks25
)
(c:/Users/Zachary Palmore/AppData/Roaming/TinyTeX/texmf-dist/tex/latex/tools/ar
ray.sty
Package: array 2020/10/01 v2.5c Tabular extension package (FMi)
\col@sep=\dimen180
\ar@mcellbox=\box54
\extrarowheight=\dimen181
\NC@list=\toks26
\extratabsurround=\skip58
\backup@length=\skip59
\ar@cellbox=\box55
)
(c:/Users/Zachary Palmore/AppData/Roaming/TinyTeX/texmf-dist/tex/latex/multirow
/multirow.sty
Package: multirow 2019/05/31 v2.5 Span multiple rows of a table
\multirow@colwidth=\skip60
\multirow@cntb=\count290
\multirow@dima=\skip61
\bigstrutjot=\dimen182
)
(c:/Users/Zachary Palmore/AppData/Roaming/TinyTeX/texmf-dist/tex/latex/wrapfig/
wrapfig.sty
\wrapoverhang=\dimen183
\WF@size=\dimen184
\c@WF@wrappedlines=\count291
\WF@box=\box56
\WF@everypar=\toks27
Package: wrapfig 2003/01/31  v 3.6
)
(c:/Users/Zachary Palmore/AppData/Roaming/TinyTeX/texmf-dist/tex/latex/float/fl
oat.sty
Package: float 2001/11/08 v1.3d Float enhancements (AL)
\c@float@type=\count292
\float@exts=\toks28
\float@box=\box57
\@float@everytoks=\toks29
\@floatcapt=\box58
)
(c:/Users/Zachary Palmore/AppData/Roaming/TinyTeX/texmf-dist/tex/latex/colortbl
/colortbl.sty
Package: colortbl 2020/01/04 v1.0e Color table columns (DPC)
\everycr=\toks30
\minrowclearance=\skip62
)
(c:/Users/Zachary Palmore/AppData/Roaming/TinyTeX/texmf-dist/tex/latex/pdflscap
e/pdflscape.sty
Package: pdflscape 2019/12/05 v0.12 Display of landscape pages in PDF (HO)

(c:/Users/Zachary Palmore/AppData/Roaming/TinyTeX/texmf-dist/tex/latex/graphics
/lscape.sty
Package: lscape 2020/05/28 v3.02 Landscape Pages (DPC)
)
Package pdflscape Info: Auto-detected driver: pdftex on input line 81.
)
(c:/Users/Zachary Palmore/AppData/Roaming/TinyTeX/texmf-dist/tex/latex/tabu/tab
u.sty
Package: tabu 2019/01/11 v2.9 - flexible LaTeX tabulars (FC+tabu-fixed)

(c:/Users/Zachary Palmore/AppData/Roaming/TinyTeX/texmf-dist/tex/latex/varwidth
/varwidth.sty
Package: varwidth 2009/03/30 ver 0.92;  Variable-width minipages
\@vwid@box=\box59
\sift@deathcycles=\count293
\@vwid@loff=\dimen185
\@vwid@roff=\dimen186
)
\c@taburow=\count294
\tabu@nbcols=\count295
\tabu@cnt=\count296
\tabu@Xcol=\count297
\tabu@alloc=\count298
\tabu@nested=\count299
\tabu@target=\dimen187
\tabu@spreadtarget=\dimen188
\tabu@naturalX=\dimen189
\tabucolX=\dimen190
\tabu@Xsum=\dimen191
\extrarowdepth=\dimen192
\abovetabulinesep=\dimen193
\belowtabulinesep=\dimen194
\tabustrutrule=\dimen195
\tabu@thebody=\toks31
\tabu@footnotes=\toks32
\tabu@box=\box60
\tabu@arstrutbox=\box61
\tabu@hleads=\box62
\tabu@vleads=\box63
\tabu@cellskip=\skip63
)
(c:/Users/Zachary Palmore/AppData/Roaming/TinyTeX/texmf-dist/tex/latex/threepar
ttable/threeparttable.sty
Package: threeparttable 2003/06/13  v 3.0
\@tempboxb=\box64
)
(c:/Users/Zachary Palmore/AppData/Roaming/TinyTeX/texmf-dist/tex/latex/threepar
ttablex/threeparttablex.sty
Package: threeparttablex 2013/07/23 v0.3 by daleif

(c:/Users/Zachary Palmore/AppData/Roaming/TinyTeX/texmf-dist/tex/latex/environ/
environ.sty
Package: environ 2014/05/04 v0.3 A new way to define environments

(c:/Users/Zachary Palmore/AppData/Roaming/TinyTeX/texmf-dist/tex/latex/trimspac
es/trimspaces.sty
Package: trimspaces 2009/09/17 v1.1 Trim spaces around a token list
))
\TPTL@width=\skip64
)
(c:/Users/Zachary Palmore/AppData/Roaming/TinyTeX/texmf-dist/tex/generic/ulem/u
lem.sty
\UL@box=\box65
\UL@hyphenbox=\box66
\UL@skip=\skip65
\UL@hook=\toks33
\UL@height=\dimen196
\UL@pe=\count300
\UL@pixel=\dimen197
\ULC@box=\box67
Package: ulem 2019/11/18
\ULdepth=\dimen198
)
(c:/Users/Zachary Palmore/AppData/Roaming/TinyTeX/texmf-dist/tex/latex/makecell
/makecell.sty
Package: makecell 2009/08/03 V0.1e Managing of Tab Column Heads and Cells
\rotheadsize=\dimen199
\c@nlinenum=\count301
\TeXr@lab=\toks34
)
(c:/Users/Zachary Palmore/AppData/Roaming/TinyTeX/texmf-dist/tex/latex/etoolbox
/etoolbox.sty
Package: etoolbox 2020/10/05 v2.5k e-TeX tools for LaTeX (JAW)
\etb@tempcnta=\count302
)
(c:/Users/Zachary Palmore/AppData/Roaming/TinyTeX/texmf-dist/tex/latex/l3backen
d/l3backend-pdftex.def
File: l3backend-pdftex.def 2021-03-02 L3 backend support: PDF output (pdfTeX)
\l__color_backend_stack_int=\count303
\l__pdf_internal_box=\box68
) (./HW4.aux)
\openout1 = `HW4.aux'.

LaTeX Font Info:    Checking defaults for OML/cmm/m/it on input line 130.
LaTeX Font Info:    ... okay on input line 130.
LaTeX Font Info:    Checking defaults for OMS/cmsy/m/n on input line 130.
LaTeX Font Info:    ... okay on input line 130.
LaTeX Font Info:    Checking defaults for OT1/cmr/m/n on input line 130.
LaTeX Font Info:    ... okay on input line 130.
LaTeX Font Info:    Checking defaults for T1/cmr/m/n on input line 130.
LaTeX Font Info:    ... okay on input line 130.
LaTeX Font Info:    Checking defaults for TS1/cmr/m/n on input line 130.
LaTeX Font Info:    ... okay on input line 130.
LaTeX Font Info:    Checking defaults for OMX/cmex/m/n on input line 130.
LaTeX Font Info:    ... okay on input line 130.
LaTeX Font Info:    Checking defaults for U/cmr/m/n on input line 130.
LaTeX Font Info:    ... okay on input line 130.
LaTeX Font Info:    Checking defaults for PD1/pdf/m/n on input line 130.
LaTeX Font Info:    ... okay on input line 130.
LaTeX Font Info:    Checking defaults for PU/pdf/m/n on input line 130.
LaTeX Font Info:    ... okay on input line 130.

(c:/Users/Zachary Palmore/AppData/Roaming/TinyTeX/texmf-dist/tex/latex/epstopdf
-pkg/epstopdf-base.sty
Package: epstopdf-base 2020-01-24 v2.11 Base part for package epstopdf
Package epstopdf-base Info: Redefining graphics rule for `.eps' on input line 4
85.

(c:/Users/Zachary Palmore/AppData/Roaming/TinyTeX/texmf-dist/tex/latex/latexcon
fig/epstopdf-sys.cfg
File: epstopdf-sys.cfg 2010/07/13 v1.3 Configuration of (r)epstopdf for TeX Liv
e
))
Package hyperref Info: Link coloring OFF on input line 130.

(c:/Users/Zachary Palmore/AppData/Roaming/TinyTeX/texmf-dist/tex/latex/hyperref
/nameref.sty
Package: nameref 2021-04-02 v2.47 Cross-referencing by name of section

(c:/Users/Zachary Palmore/AppData/Roaming/TinyTeX/texmf-dist/tex/latex/refcount
/refcount.sty
Package: refcount 2019/12/15 v3.6 Data extraction from label references (HO)
)
(c:/Users/Zachary Palmore/AppData/Roaming/TinyTeX/texmf-dist/tex/generic/gettit
lestring/gettitlestring.sty
Package: gettitlestring 2019/12/15 v1.6 Cleanup title references (HO)
)
\c@section@level=\count304
)
LaTeX Info: Redefining \ref on input line 130.
LaTeX Info: Redefining \pageref on input line 130.
LaTeX Info: Redefining \nameref on input line 130.
(./HW4.out) (./HW4.out)
\@outlinefile=\write4
\openout4 = `HW4.out'.

*geometry* driver: auto-detecting
*geometry* detected driver: pdftex
*geometry* verbose mode - [ preamble ] result:
* driver: pdftex
* paper: <default>
* layout: <same size as paper>
* layoutoffset:(h,v)=(0.0pt,0.0pt)
* modes: 
* h-part:(L,W,R)=(72.26999pt, 469.75502pt, 72.26999pt)
* v-part:(T,H,B)=(72.26999pt, 650.43001pt, 72.26999pt)
* \paperwidth=614.295pt
* \paperheight=794.96999pt
* \textwidth=469.75502pt
* \textheight=650.43001pt
* \oddsidemargin=0.0pt
* \evensidemargin=0.0pt
* \topmargin=-37.0pt
* \headheight=12.0pt
* \headsep=25.0pt
* \topskip=10.0pt
* \footskip=30.0pt
* \marginparwidth=65.0pt
* \marginparsep=11.0pt
* \columnsep=10.0pt
* \skip\footins=9.0pt plus 4.0pt minus 2.0pt
* \hoffset=0.0pt
* \voffset=0.0pt
* \mag=1000
* \@twocolumnfalse
* \@twosidefalse
* \@mparswitchfalse
* \@reversemarginfalse
* (1in=72.27pt=25.4mm, 1cm=28.453pt)

LaTeX Font Info:    Trying to load font information for OT1+lmr on input line 1
32.

(c:/Users/Zachary Palmore/AppData/Roaming/TinyTeX/texmf-dist/tex/latex/lm/ot1lm
r.fd
File: ot1lmr.fd 2009/10/30 v1.6 Font defs for Latin Modern
)
LaTeX Font Info:    Trying to load font information for OML+lmm on input line 1
32.

(c:/Users/Zachary Palmore/AppData/Roaming/TinyTeX/texmf-dist/tex/latex/lm/omllm
m.fd
File: omllmm.fd 2009/10/30 v1.6 Font defs for Latin Modern
)
LaTeX Font Info:    Trying to load font information for OMS+lmsy on input line 
132.

(c:/Users/Zachary Palmore/AppData/Roaming/TinyTeX/texmf-dist/tex/latex/lm/omslm
sy.fd
File: omslmsy.fd 2009/10/30 v1.6 Font defs for Latin Modern
)
LaTeX Font Info:    Trying to load font information for OMX+lmex on input line 
132.

(c:/Users/Zachary Palmore/AppData/Roaming/TinyTeX/texmf-dist/tex/latex/lm/omxlm
ex.fd
File: omxlmex.fd 2009/10/30 v1.6 Font defs for Latin Modern
)
LaTeX Font Info:    External font `lmex10' loaded for size
(Font)              <12> on input line 132.
LaTeX Font Info:    External font `lmex10' loaded for size
(Font)              <8> on input line 132.
LaTeX Font Info:    External font `lmex10' loaded for size
(Font)              <6> on input line 132.
LaTeX Font Info:    Trying to load font information for U+msa on input line 132
.

(c:/Users/Zachary Palmore/AppData/Roaming/TinyTeX/texmf-dist/tex/latex/amsfonts
/umsa.fd
File: umsa.fd 2013/01/14 v3.01 AMS symbols A
)
LaTeX Font Info:    Trying to load font information for U+msb on input line 132
.

(c:/Users/Zachary Palmore/AppData/Roaming/TinyTeX/texmf-dist/tex/latex/amsfonts
/umsb.fd
File: umsb.fd 2013/01/14 v3.01 AMS symbols B
)
LaTeX Font Info:    Trying to load font information for T1+lmtt on input line 1
43.

(c:/Users/Zachary Palmore/AppData/Roaming/TinyTeX/texmf-dist/tex/latex/lm/t1lmt
t.fd
File: t1lmtt.fd 2009/10/30 v1.6 Font defs for Latin Modern
)
LaTeX Font Info:    Font shape `T1/lmtt/bx/n' in size <10> not available
(Font)              Font shape `T1/lmtt/b/n' tried instead on input line 145.
[1

{c:/Users/Zachary Palmore/AppData/Roaming/TinyTeX/texmf-var/fonts/map/pdftex/up
dmap/pdftex.map}]
LaTeX Font Info:    External font `lmex10' loaded for size
(Font)              <10> on input line 217.
LaTeX Font Info:    External font `lmex10' loaded for size
(Font)              <7> on input line 217.
LaTeX Font Info:    External font `lmex10' loaded for size
(Font)              <5> on input line 217.
[2] [3pdfTeX warning (ext4): destination with the same identifier (name{table.1
}) has been already used, duplicate ignored
<argument> ...shipout:D \box_use:N \l_shipout_box 
                                                  
l.258 \newpage
              ]
Overfull \hbox (50.88245pt too wide) in paragraph at lines 286--327
 [][] 
 []

[4pdfTeX warning (ext4): destination with the same identifier (name{table.2}) h
as been already used, duplicate ignored
<argument> ...shipout:D \box_use:N \l_shipout_box 
                                                  
l.331 \newpage
              ] [5] [6pdfTeX warning (ext4): destination with the same identifi
er (name{table.3}) has been already used, duplicate ignored
<argument> ...shipout:D \box_use:N \l_shipout_box 
                                                  
l.498 
      ]

LaTeX Warning: `!h' float specifier changed to `!ht'.

<HW4_files/figure-latex/unnamed-chunk-8-1.pdf, id=72, 469.755pt x 325.215pt>
File: HW4_files/figure-latex/unnamed-chunk-8-1.pdf Graphic file (type pdf)
<use HW4_files/figure-latex/unnamed-chunk-8-1.pdf>
Package pdftex.def Info: HW4_files/figure-latex/unnamed-chunk-8-1.pdf  used on 
input line 566.
(pdftex.def)             Requested size: 469.75386pt x 325.2142pt.
[7pdfTeX warning (ext4): destination with the same identifier (name{table.4}) h
as been already used, duplicate ignored
<argument> ...shipout:D \box_use:N \l_shipout_box 
                                                  
l.568 \begin{Shaded}
                    ]
Overfull \vbox (2.66557pt too high) has occurred while \output is active []

[8pdfTeX warning (ext4): destination with the same identifier (name{table.5}) h
as been already used, duplicate ignored
<argument> ...shipout:D \box_use:N \l_shipout_box 
                                                  
l.568 \begin{Shaded}
                     <./HW4_files/figure-latex/unnamed-chunk-8-1.pdf>]
<HW4_files/figure-latex/unnamed-chunk-9-1.pdf, id=92, 469.755pt x 325.215pt>
File: HW4_files/figure-latex/unnamed-chunk-9-1.pdf Graphic file (type pdf)
<use HW4_files/figure-latex/unnamed-chunk-9-1.pdf>
Package pdftex.def Info: HW4_files/figure-latex/unnamed-chunk-9-1.pdf  used on 
input line 610.
(pdftex.def)             Requested size: 469.75386pt x 325.2142pt.
[9]
<HW4_files/figure-latex/unnamed-chunk-10-1.pdf, id=97, 469.755pt x 325.215pt>
File: HW4_files/figure-latex/unnamed-chunk-10-1.pdf Graphic file (type pdf)
<use HW4_files/figure-latex/unnamed-chunk-10-1.pdf>
Package pdftex.def Info: HW4_files/figure-latex/unnamed-chunk-10-1.pdf  used on
 input line 629.
(pdftex.def)             Requested size: 469.75386pt x 325.2142pt.
[10 <./HW4_files/figure-latex/unnamed-chunk-9-1.pdf>]
<HW4_files/figure-latex/unnamed-chunk-11-1.pdf, id=111, 469.755pt x 325.215pt>
File: HW4_files/figure-latex/unnamed-chunk-11-1.pdf Graphic file (type pdf)
<use HW4_files/figure-latex/unnamed-chunk-11-1.pdf>
Package pdftex.def Info: HW4_files/figure-latex/unnamed-chunk-11-1.pdf  used on
 input line 642.
(pdftex.def)             Requested size: 469.75386pt x 325.2142pt.
[11 <./HW4_files/figure-latex/unnamed-chunk-10-1.pdf>]
Overfull \hbox (76.2434pt too wide) in paragraph at lines 669--669
[]\T1/lmtt/m/n/10 ## Coordinate system already present. Adding new coordinate s
ystem, which will replace the existing one.[] 
 []

<HW4_files/figure-latex/unnamed-chunk-12-1.pdf, id=124, 469.755pt x 325.215pt>
File: HW4_files/figure-latex/unnamed-chunk-12-1.pdf Graphic file (type pdf)
<use HW4_files/figure-latex/unnamed-chunk-12-1.pdf>
Package pdftex.def Info: HW4_files/figure-latex/unnamed-chunk-12-1.pdf  used on
 input line 671.
(pdftex.def)             Requested size: 469.75386pt x 325.2142pt.
[12 <./HW4_files/figure-latex/unnamed-chunk-11-1.pdf>] [13 <./HW4_files/figure-
latex/unnamed-chunk-12-1.pdf>] [14] [15] [16] [17] [18] [19] [20] [21] [22] [23
] [24] [25] [26] [27] [28] [29] [30] [31] [32] [33] [34] [35] [36] [37] [38] [3
9] [40] [41] [42] [43] [44] [45] [46] [47] [48] [49] [50] [51] [52] [53] [54] [
55] [56] [57] [58] [59] [60] [61] [62] [63] [64] [65] [66] [67] [68] [69] [70] 
[71] [72] [73] [74] [75] [76] [77] [78] [79] [80] [81] [82] [83] [84] [85] [86]
[87] [88] [89] [90] [91] [92] [93] [94] [95] [96] [97] [98] [99] [100] [101] [1
02] [103] [104] [105] [106] [107] [108] [109] [110] [111] [112] [113] [114] [11
5] [116] [117] [118] [119] [120] [121] [122] [123] [124] [125] [126] [127] [128
] [129] [130] [131] [132] [133] [134] [135] [136] [137] [138] [139] [140] [141]
[142] [143] [144] [145] [146] [147] [148] [149] [150] [151] [152] [153] [154] [
155] [156] [157] [158] [159] [160] [161] [162] [163] [164] [165] [166] [167] [1
68] [169] [170] [171] [172] [173] [174] [175] [176] [177] [178] [179] [180] [18
1] [182] [183] [184] [185] [186] [187] [188] [189] [190] [191] [192] [193] [194
] [195] [196] [197] [198] [199] [200] [201] [202] [203] [204] [205] [206] [207]
[208] [209] [210] [211] [212] [213] [214] [215] [216] [217] [218] [219] [220] [
221] [222] [223] [224] [225] [226] [227] [228] [229] [230] [231] [232] [233] [2
34] [235] [236] [237] [238] [239] [240] [241] [242] [243] [244] [245] [246] [24
7] [248] [249] [250] [251] [252] [253] [254] [255] [256] [257] [258] [259] [260
] [261] [262] [263] [264] [265] [266] [267] [268] [269] [270] [271] [272] [273]
[274] [275] [276] [277] [278] [279] [280] [281] [282] [283] [284] [285] [286] [
287] [288] [289] [290] [291] [292] [293] [294] [295] [296] [297] [298] [299] [3
00] [301] [302] [303] [304] [305] [306] [307] [308] [309] [310] [311] [312] [31
3] [314] [315] [316] [317] [318] [319] [320] [321] [322] [323] [324] [325] [326
] [327] [328] [329] [330] [331] [332] [333] [334] [335] [336] [337] [338] [339]
[340] [341] [342] [343] [344] [345] [346] [347] [348] [349] [350] [351] [352] [
353] [354] [355] [356] [357] [358] [359] [360] [361] [362] [363] [364] [365] [3
66] [367] [368] [369] [370] [371] [372] [373] [374] [375] [376] [377] [378] [37
9] [380] [381] [382] [383] [384] [385] [386] [387] [388] [389] [390] [391] [392
] [393] [394] [395] [396] [397] [398] [399] [400] [401] [402] [403] [404] [405]
[406] [407] [408] [409] [410] [411] [412] [413] [414] [415] [416] [417] [418] [
419] [420] [421] [422] [423] [424] [425] [426] [427] [428] [429] [430] [431] [4
32] [433] [434] [435] [436] [437] [438] [439] [440] [441] [442] [443] [444] [44
5] [446] [447] [448] [449] [450] [451] [452] [453] [454] [455] [456] [457] [458
] [459] [460] [461] [462] [463] [464] [465] [466] [467] [468] [469] [470] [471]
[472] [473] [474] [475] [476] [477] [478] [479] [480] [481] [482] [483] [484] [
485] [486] [487] [488] [489] [490] [491] [492] [493] [494] [495] [496] [497] [4
98] [499] [500] [501] [502] [503] [504] [505] [506] [507] [508] [509] [510] [51
1] [512] [513] [514] [515] [516] [517] [518] [519] [520] [521] [522] [523] [524
] [525] [526] [527] [528] [529] [530] [531] [532] [533] [534] [535] [536] [537]
[538] [539] [540] [541] [542] [543] [544] [545] [546] [547] [548] [549] [550] [
551] [552] [553] [554] [555] [556] [557] [558] [559] [560] [561] [562] [563] [5
64] [565] [566] [567] [568] [569] [570] [571] [572] [573] [574] [575] [576] [57
7] [578] [579] [580] [581] [582] [583] [584] [585] [586] [587] [588] [589] [590
] [591] [592] [593] [594] [595] [596] [597] [598] [599] [600] [601] [602] [603]
[604] [605] [606] [607] [608] [609] [610] [611] [612] [613] [614] [615] [616] [
617] [618] [619] [620] [621] [622] [623] [624] [625] [626] [627] [628] [629] [6
30] [631] [632] [633] [634] [635] [636] [637] [638] [639] [640] [641] [642] [64
3] [644] [645] [646] [647] [648] [649] [650] [651] [652] [653] [654] [655] [656
] [657] [658] [659] [660] [661] [662] [663] [664] [665] [666] [667] [668] [669]
[670] [671] [672] [673] [674] [675] [676] [677] [678] [679] [680] [681] [682] [
683] [684] [685] [686] [687] [688] [689] [690] [691] [692] [693] [694] [695] [6
96] [697] [698] [699] [700] [701] [702] [703] [704] [705] [706] [707] [708] [70
9] [710] [711] [712] [713] [714] [715] [716] [717] [718] [719] [720] [721] [722
] [723] [724] [725] [726] [727] [728] [729] [730] [731] [732] [733] [734] [735]
<HW4_files/figure-latex/unnamed-chunk-19-1.pdf, id=3179, 469.755pt x 325.215pt>

File: HW4_files/figure-latex/unnamed-chunk-19-1.pdf Graphic file (type pdf)
<use HW4_files/figure-latex/unnamed-chunk-19-1.pdf>
Package pdftex.def Info: HW4_files/figure-latex/unnamed-chunk-19-1.pdf  used on
 input line 39738.
(pdftex.def)             Requested size: 469.75386pt x 325.2142pt.
<HW4_files/figure-latex/unnamed-chunk-20-1.pdf, id=3180, 469.755pt x 325.215pt>

File: HW4_files/figure-latex/unnamed-chunk-20-1.pdf Graphic file (type pdf)
<use HW4_files/figure-latex/unnamed-chunk-20-1.pdf>
Package pdftex.def Info: HW4_files/figure-latex/unnamed-chunk-20-1.pdf  used on
 input line 39763.
(pdftex.def)             Requested size: 469.75386pt x 325.2142pt.
[736 <./HW4_files/figure-latex/unnamed-chunk-19-1.pdf>]
<HW4_files/figure-latex/unnamed-chunk-21-1.pdf, id=3190, 469.755pt x 325.215pt>

File: HW4_files/figure-latex/unnamed-chunk-21-1.pdf Graphic file (type pdf)
<use HW4_files/figure-latex/unnamed-chunk-21-1.pdf>
Package pdftex.def Info: HW4_files/figure-latex/unnamed-chunk-21-1.pdf  used on
 input line 39776.
(pdftex.def)             Requested size: 469.75386pt x 325.2142pt.
[737 <./HW4_files/figure-latex/unnamed-chunk-20-1.pdf>]
<HW4_files/figure-latex/unnamed-chunk-24-1.pdf, id=3200, 469.755pt x 325.215pt>

File: HW4_files/figure-latex/unnamed-chunk-24-1.pdf Graphic file (type pdf)
<use HW4_files/figure-latex/unnamed-chunk-24-1.pdf>
Package pdftex.def Info: HW4_files/figure-latex/unnamed-chunk-24-1.pdf  used on
 input line 39813.
(pdftex.def)             Requested size: 469.75386pt x 325.2142pt.
[738 <./HW4_files/figure-latex/unnamed-chunk-21-1.pdf>] [739 <./HW4_files/figur
e-latex/unnamed-chunk-24-1.pdf>]
<HW4_files/figure-latex/unnamed-chunk-27-1.pdf, id=3228, 469.755pt x 325.215pt>

File: HW4_files/figure-latex/unnamed-chunk-27-1.pdf Graphic file (type pdf)
<use HW4_files/figure-latex/unnamed-chunk-27-1.pdf>
Package pdftex.def Info: HW4_files/figure-latex/unnamed-chunk-27-1.pdf  used on
 input line 39864.
(pdftex.def)             Requested size: 469.75386pt x 325.2142pt.
<HW4_files/figure-latex/unnamed-chunk-28-1.pdf, id=3229, 469.755pt x 325.215pt>

File: HW4_files/figure-latex/unnamed-chunk-28-1.pdf Graphic file (type pdf)
<use HW4_files/figure-latex/unnamed-chunk-28-1.pdf>
Package pdftex.def Info: HW4_files/figure-latex/unnamed-chunk-28-1.pdf  used on
 input line 39883.
(pdftex.def)             Requested size: 469.75386pt x 325.2142pt.
[740 <./HW4_files/figure-latex/unnamed-chunk-27-1.pdf>] [741 <./HW4_files/figur
e-latex/unnamed-chunk-28-1.pdf>] [742] [743] [744] [745] [746] (./HW4.aux)
Package rerunfilecheck Info: File `HW4.out' has not changed.
(rerunfilecheck)             Checksum: 286F893E405AAF975F385E1C1949BCCC;843.
 ) 
Here is how much of TeX's memory you used:
 13070 strings out of 480962
 189914 string characters out of 5905114
 1688220 words of memory out of 5000000
 29269 multiletter control sequences out of 15000+600000
 451045 words of font info for 69 fonts, out of 8000000 for 9000
 14 hyphenation exceptions out of 8191
 71i,10n,74p,773b,467s stack positions out of 5000i,500n,10000p,200000b,80000s
{c:/Users/Zachary Palmore/AppData/Roaming/TinyTeX/texmf-dist/fonts/enc/dvips/
lm/lm-ec.enc}<c:/Users/Zachary Palmore/AppData/Roaming/TinyTeX/texmf-dist/fonts
/type1/public/lm/lmbx12.pfb><c:/Users/Zachary Palmore/AppData/Roaming/TinyTeX/t
exmf-dist/fonts/type1/public/lm/lmr10.pfb><c:/Users/Zachary Palmore/AppData/Roa
ming/TinyTeX/texmf-dist/fonts/type1/public/lm/lmr12.pfb><c:/Users/Zachary Palmo
re/AppData/Roaming/TinyTeX/texmf-dist/fonts/type1/public/lm/lmr17.pfb><c:/Users
/Zachary Palmore/AppData/Roaming/TinyTeX/texmf-dist/fonts/type1/public/lm/lmri1
0.pfb><c:/Users/Zachary Palmore/AppData/Roaming/TinyTeX/texmf-dist/fonts/type1/
public/lm/lmtk10.pfb><c:/Users/Zachary Palmore/AppData/Roaming/TinyTeX/texmf-di
st/fonts/type1/public/lm/lmtt10.pfb><c:/Users/Zachary Palmore/AppData/Roaming/T
inyTeX/texmf-dist/fonts/type1/public/lm/lmtti10.pfb>
Output written on HW4.pdf (746 pages, 1377428 bytes).
PDF statistics:
 3490 PDF objects out of 3580 (max. 8388607)
 2684 compressed objects within 27 object streams
 766 named destinations out of 1000 (max. 500000)
 112 words of extra memory for PDF output out of 10000 (max. 10000000)

