\BOOKMARK [1][-]{section*.1}{\376\377\000A\000s\000s\000i\000g\000n\000m\000e\000n\000t\000\040\0001}{}% 1
\BOOKMARK [2][-]{section*.2}{\376\377\000P\000u\000r\000p\000o\000s\000e}{section*.1}% 2
\BOOKMARK [2][-]{section*.3}{\376\377\000D\000a\000t\000a\000\040\000E\000x\000p\000l\000o\000r\000a\000t\000i\000o\000n}{section*.1}% 3
\BOOKMARK [3][-]{section*.4}{\376\377\000B\000a\000c\000k\000g\000r\000o\000u\000n\000d}{section*.3}% 4
\BOOKMARK [3][-]{section*.5}{\376\377\000H\000y\000p\000o\000t\000h\000e\000s\000i\000s}{section*.3}% 5
\BOOKMARK [3][-]{section*.6}{\376\377\000P\000r\000e\000d\000i\000c\000t\000o\000r\000\040\000C\000o\000r\000r\000e\000l\000a\000t\000i\000o\000n\000s}{section*.3}% 6
\BOOKMARK [3][-]{section*.7}{\376\377\000M\000o\000d\000e\000l\000\040\000C\000o\000n\000s\000i\000d\000e\000r\000a\000t\000i\000o\000n\000s}{section*.3}% 7
\BOOKMARK [2][-]{section*.8}{\376\377\000D\000a\000t\000a\000\040\000P\000r\000e\000p\000a\000r\000a\000t\000i\000o\000n}{section*.1}% 8
\BOOKMARK [3][-]{section*.9}{\376\377\000S\000a\000m\000p\000l\000e\000\040\000S\000e\000t}{section*.8}% 9
\BOOKMARK [3][-]{section*.10}{\376\377\000A\000d\000j\000u\000s\000t\000m\000e\000n\000t\000s}{section*.8}% 10
\BOOKMARK [3][-]{section*.11}{\376\377\000N\000e\000w\000\040\000E\000s\000t\000i\000m\000a\000t\000e\000s}{section*.8}% 11
\BOOKMARK [3][-]{section*.12}{\376\377\000P\000r\000e\000d\000i\000c\000t\000o\000r\000\040\000R\000a\000t\000i\000o\000s}{section*.8}% 12
\BOOKMARK [3][-]{section*.13}{\376\377\000T\000r\000a\000n\000s\000f\000o\000r\000m\000a\000t\000i\000o\000n\000s}{section*.8}% 13
\BOOKMARK [3][-]{section*.14}{\376\377\000R\000e\000v\000i\000e\000w}{section*.8}% 14
\BOOKMARK [2][-]{section*.15}{\376\377\000M\000o\000d\000e\000l\000\040\000B\000u\000i\000l\000d\000i\000n\000g}{section*.1}% 15
\BOOKMARK [3][-]{section*.16}{\376\377\000T\000y\000p\000e\000s}{section*.15}% 16
\BOOKMARK [3][-]{section*.17}{\376\377\000R\000e\000a\000s\000o\000n\000i\000n\000g}{section*.15}% 17
\BOOKMARK [3][-]{section*.18}{\376\377\000C\000r\000e\000a\000t\000i\000o\000n}{section*.15}% 18
\BOOKMARK [2][-]{section*.19}{\376\377\000M\000o\000d\000e\000l\000\040\000S\000e\000l\000e\000c\000t\000i\000o\000n}{section*.1}% 19
\BOOKMARK [3][-]{section*.20}{\376\377\000D\000o\000m\000a\000i\000n}{section*.19}% 20
\BOOKMARK [3][-]{section*.21}{\376\377\000B\000e\000s\000t\000\040\000M\000o\000d\000e\000l\000s}{section*.19}% 21
\BOOKMARK [3][-]{section*.22}{\376\377\000P\000r\000e\000d\000i\000c\000t\000i\000o\000n}{section*.19}% 22
