This is pdfTeX, Version 3.141592653-2.6-1.40.22 (TeX Live 2021/W32TeX) (preloaded format=pdflatex 2021.5.12)  23 MAY 2021 11:50
entering extended mode
 restricted \write18 enabled.
 %&-line parsing enabled.
**CPIAnalysis.tex
(./CPIAnalysis.tex
LaTeX2e <2020-10-01> patch level 4
L3 programming layer <2021-05-07>
(c:/Users/Zachary Palmore/AppData/Roaming/TinyTeX/texmf-dist/tex/latex/base/art
icle.cls
Document Class: article 2020/04/10 v1.4m Standard LaTeX document class

(c:/Users/Zachary Palmore/AppData/Roaming/TinyTeX/texmf-dist/tex/latex/base/siz
e10.clo
File: size10.clo 2020/04/10 v1.4m Standard LaTeX file (size option)
)
\c@part=\count179
\c@section=\count180
\c@subsection=\count181
\c@subsubsection=\count182
\c@paragraph=\count183
\c@subparagraph=\count184
\c@figure=\count185
\c@table=\count186
\abovecaptionskip=\skip47
\belowcaptionskip=\skip48
\bibindent=\dimen138
)
(c:/Users/Zachary Palmore/AppData/Roaming/TinyTeX/texmf-dist/tex/latex/lm/lmode
rn.sty
Package: lmodern 2015/05/01 v1.6.1 Latin Modern Fonts
LaTeX Font Info:    Overwriting symbol font `operators' in version `normal'
(Font)                  OT1/cmr/m/n --> OT1/lmr/m/n on input line 22.
LaTeX Font Info:    Overwriting symbol font `letters' in version `normal'
(Font)                  OML/cmm/m/it --> OML/lmm/m/it on input line 23.
LaTeX Font Info:    Overwriting symbol font `symbols' in version `normal'
(Font)                  OMS/cmsy/m/n --> OMS/lmsy/m/n on input line 24.
LaTeX Font Info:    Overwriting symbol font `largesymbols' in version `normal'
(Font)                  OMX/cmex/m/n --> OMX/lmex/m/n on input line 25.
LaTeX Font Info:    Overwriting symbol font `operators' in version `bold'
(Font)                  OT1/cmr/bx/n --> OT1/lmr/bx/n on input line 26.
LaTeX Font Info:    Overwriting symbol font `letters' in version `bold'
(Font)                  OML/cmm/b/it --> OML/lmm/b/it on input line 27.
LaTeX Font Info:    Overwriting symbol font `symbols' in version `bold'
(Font)                  OMS/cmsy/b/n --> OMS/lmsy/b/n on input line 28.
LaTeX Font Info:    Overwriting symbol font `largesymbols' in version `bold'
(Font)                  OMX/cmex/m/n --> OMX/lmex/m/n on input line 29.
LaTeX Font Info:    Overwriting math alphabet `\mathbf' in version `normal'
(Font)                  OT1/cmr/bx/n --> OT1/lmr/bx/n on input line 31.
LaTeX Font Info:    Overwriting math alphabet `\mathsf' in version `normal'
(Font)                  OT1/cmss/m/n --> OT1/lmss/m/n on input line 32.
LaTeX Font Info:    Overwriting math alphabet `\mathit' in version `normal'
(Font)                  OT1/cmr/m/it --> OT1/lmr/m/it on input line 33.
LaTeX Font Info:    Overwriting math alphabet `\mathtt' in version `normal'
(Font)                  OT1/cmtt/m/n --> OT1/lmtt/m/n on input line 34.
LaTeX Font Info:    Overwriting math alphabet `\mathbf' in version `bold'
(Font)                  OT1/cmr/bx/n --> OT1/lmr/bx/n on input line 35.
LaTeX Font Info:    Overwriting math alphabet `\mathsf' in version `bold'
(Font)                  OT1/cmss/bx/n --> OT1/lmss/bx/n on input line 36.
LaTeX Font Info:    Overwriting math alphabet `\mathit' in version `bold'
(Font)                  OT1/cmr/bx/it --> OT1/lmr/bx/it on input line 37.
LaTeX Font Info:    Overwriting math alphabet `\mathtt' in version `bold'
(Font)                  OT1/cmtt/m/n --> OT1/lmtt/m/n on input line 38.
)
(c:/Users/Zachary Palmore/AppData/Roaming/TinyTeX/texmf-dist/tex/latex/amsfonts
/amssymb.sty
Package: amssymb 2013/01/14 v3.01 AMS font symbols

(c:/Users/Zachary Palmore/AppData/Roaming/TinyTeX/texmf-dist/tex/latex/amsfonts
/amsfonts.sty
Package: amsfonts 2013/01/14 v3.01 Basic AMSFonts support
\@emptytoks=\toks15
\symAMSa=\mathgroup4
\symAMSb=\mathgroup5
LaTeX Font Info:    Redeclaring math symbol \hbar on input line 98.
LaTeX Font Info:    Overwriting math alphabet `\mathfrak' in version `bold'
(Font)                  U/euf/m/n --> U/euf/b/n on input line 106.
))
(c:/Users/Zachary Palmore/AppData/Roaming/TinyTeX/texmf-dist/tex/latex/amsmath/
amsmath.sty
Package: amsmath 2020/09/23 v2.17i AMS math features
\@mathmargin=\skip49
For additional information on amsmath, use the `?' option.

(c:/Users/Zachary Palmore/AppData/Roaming/TinyTeX/texmf-dist/tex/latex/amsmath/
amstext.sty
Package: amstext 2000/06/29 v2.01 AMS text

(c:/Users/Zachary Palmore/AppData/Roaming/TinyTeX/texmf-dist/tex/latex/amsmath/
amsgen.sty
File: amsgen.sty 1999/11/30 v2.0 generic functions
\@emptytoks=\toks16
\ex@=\dimen139
))
(c:/Users/Zachary Palmore/AppData/Roaming/TinyTeX/texmf-dist/tex/latex/amsmath/
amsbsy.sty
Package: amsbsy 1999/11/29 v1.2d Bold Symbols
\pmbraise@=\dimen140
)
(c:/Users/Zachary Palmore/AppData/Roaming/TinyTeX/texmf-dist/tex/latex/amsmath/
amsopn.sty
Package: amsopn 2016/03/08 v2.02 operator names
)
\inf@bad=\count187
LaTeX Info: Redefining \frac on input line 234.
\uproot@=\count188
\leftroot@=\count189
LaTeX Info: Redefining \overline on input line 399.
\classnum@=\count190
\DOTSCASE@=\count191
LaTeX Info: Redefining \ldots on input line 496.
LaTeX Info: Redefining \dots on input line 499.
LaTeX Info: Redefining \cdots on input line 620.
\Mathstrutbox@=\box47
\strutbox@=\box48
\big@size=\dimen141
LaTeX Font Info:    Redeclaring font encoding OML on input line 743.
LaTeX Font Info:    Redeclaring font encoding OMS on input line 744.
\macc@depth=\count192
\c@MaxMatrixCols=\count193
\dotsspace@=\muskip16
\c@parentequation=\count194
\dspbrk@lvl=\count195
\tag@help=\toks17
\row@=\count196
\column@=\count197
\maxfields@=\count198
\andhelp@=\toks18
\eqnshift@=\dimen142
\alignsep@=\dimen143
\tagshift@=\dimen144
\tagwidth@=\dimen145
\totwidth@=\dimen146
\lineht@=\dimen147
\@envbody=\toks19
\multlinegap=\skip50
\multlinetaggap=\skip51
\mathdisplay@stack=\toks20
LaTeX Info: Redefining \[ on input line 2923.
LaTeX Info: Redefining \] on input line 2924.
)
(c:/Users/Zachary Palmore/AppData/Roaming/TinyTeX/texmf-dist/tex/generic/iftex/
ifxetex.sty
Package: ifxetex 2019/10/25 v0.7 ifxetex legacy package. Use iftex instead.

(c:/Users/Zachary Palmore/AppData/Roaming/TinyTeX/texmf-dist/tex/generic/iftex/
iftex.sty
Package: iftex 2020/03/06 v1.0d TeX engine tests
))
(c:/Users/Zachary Palmore/AppData/Roaming/TinyTeX/texmf-dist/tex/generic/iftex/
ifluatex.sty
Package: ifluatex 2019/10/25 v1.5 ifluatex legacy package. Use iftex instead.
)
(c:/Users/Zachary Palmore/AppData/Roaming/TinyTeX/texmf-dist/tex/latex/base/fon
tenc.sty
Package: fontenc 2020/08/10 v2.0s Standard LaTeX package
LaTeX Font Info:    Trying to load font information for T1+lmr on input line 11
2.

(c:/Users/Zachary Palmore/AppData/Roaming/TinyTeX/texmf-dist/tex/latex/lm/t1lmr
.fd
File: t1lmr.fd 2015/05/01 v1.6.1 Font defs for Latin Modern
))
(c:/Users/Zachary Palmore/AppData/Roaming/TinyTeX/texmf-dist/tex/latex/base/inp
utenc.sty
Package: inputenc 2020/08/01 v1.3d Input encoding file
\inpenc@prehook=\toks21
\inpenc@posthook=\toks22
)
(c:/Users/Zachary Palmore/AppData/Roaming/TinyTeX/texmf-dist/tex/latex/base/tex
tcomp.sty
Package: textcomp 2020/02/02 v2.0n Standard LaTeX package
)
(c:/Users/Zachary Palmore/AppData/Roaming/TinyTeX/texmf-dist/tex/latex/xcolor/x
color.sty
Package: xcolor 2016/05/11 v2.12 LaTeX color extensions (UK)

(c:/Users/Zachary Palmore/AppData/Roaming/TinyTeX/texmf-dist/tex/latex/graphics
-cfg/color.cfg
File: color.cfg 2016/01/02 v1.6 sample color configuration
)
Package xcolor Info: Driver file: pdftex.def on input line 225.

(c:/Users/Zachary Palmore/AppData/Roaming/TinyTeX/texmf-dist/tex/latex/graphics
-def/pdftex.def
File: pdftex.def 2020/10/05 v1.2a Graphics/color driver for pdftex
)
Package xcolor Info: Model `cmy' substituted by `cmy0' on input line 1348.
Package xcolor Info: Model `hsb' substituted by `rgb' on input line 1352.
Package xcolor Info: Model `RGB' extended on input line 1364.
Package xcolor Info: Model `HTML' substituted by `rgb' on input line 1366.
Package xcolor Info: Model `Hsb' substituted by `hsb' on input line 1367.
Package xcolor Info: Model `tHsb' substituted by `hsb' on input line 1368.
Package xcolor Info: Model `HSB' substituted by `hsb' on input line 1369.
Package xcolor Info: Model `Gray' substituted by `gray' on input line 1370.
Package xcolor Info: Model `wave' substituted by `hsb' on input line 1371.
)
(c:/Users/Zachary Palmore/AppData/Roaming/TinyTeX/texmf-dist/tex/latex/hyperref
/hyperref.sty
Package: hyperref 2021-02-27 v7.00k Hypertext links for LaTeX

(c:/Users/Zachary Palmore/AppData/Roaming/TinyTeX/texmf-dist/tex/generic/ltxcmd
s/ltxcmds.sty
Package: ltxcmds 2020-05-10 v1.25 LaTeX kernel commands for general use (HO)
)
(c:/Users/Zachary Palmore/AppData/Roaming/TinyTeX/texmf-dist/tex/generic/pdftex
cmds/pdftexcmds.sty
Package: pdftexcmds 2020-06-27 v0.33 Utility functions of pdfTeX for LuaTeX (HO
)

(c:/Users/Zachary Palmore/AppData/Roaming/TinyTeX/texmf-dist/tex/generic/infwar
err/infwarerr.sty
Package: infwarerr 2019/12/03 v1.5 Providing info/warning/error messages (HO)
)
Package pdftexcmds Info: \pdf@primitive is available.
Package pdftexcmds Info: \pdf@ifprimitive is available.
Package pdftexcmds Info: \pdfdraftmode found.
)
(c:/Users/Zachary Palmore/AppData/Roaming/TinyTeX/texmf-dist/tex/latex/graphics
/keyval.sty
Package: keyval 2014/10/28 v1.15 key=value parser (DPC)
\KV@toks@=\toks23
)
(c:/Users/Zachary Palmore/AppData/Roaming/TinyTeX/texmf-dist/tex/generic/kvsetk
eys/kvsetkeys.sty
Package: kvsetkeys 2019/12/15 v1.18 Key value parser (HO)
)
(c:/Users/Zachary Palmore/AppData/Roaming/TinyTeX/texmf-dist/tex/generic/kvdefi
nekeys/kvdefinekeys.sty
Package: kvdefinekeys 2019-12-19 v1.6 Define keys (HO)
)
(c:/Users/Zachary Palmore/AppData/Roaming/TinyTeX/texmf-dist/tex/generic/pdfesc
ape/pdfescape.sty
Package: pdfescape 2019/12/09 v1.15 Implements pdfTeX's escape features (HO)
)
(c:/Users/Zachary Palmore/AppData/Roaming/TinyTeX/texmf-dist/tex/latex/hycolor/
hycolor.sty
Package: hycolor 2020-01-27 v1.10 Color options for hyperref/bookmark (HO)
)
(c:/Users/Zachary Palmore/AppData/Roaming/TinyTeX/texmf-dist/tex/latex/letltxma
cro/letltxmacro.sty
Package: letltxmacro 2019/12/03 v1.6 Let assignment for LaTeX macros (HO)
)
(c:/Users/Zachary Palmore/AppData/Roaming/TinyTeX/texmf-dist/tex/latex/auxhook/
auxhook.sty
Package: auxhook 2019-12-17 v1.6 Hooks for auxiliary files (HO)
)
(c:/Users/Zachary Palmore/AppData/Roaming/TinyTeX/texmf-dist/tex/latex/kvoption
s/kvoptions.sty
Package: kvoptions 2020-10-07 v3.14 Key value format for package options (HO)
)
\@linkdim=\dimen148
\Hy@linkcounter=\count199
\Hy@pagecounter=\count266

(c:/Users/Zachary Palmore/AppData/Roaming/TinyTeX/texmf-dist/tex/latex/hyperref
/pd1enc.def
File: pd1enc.def 2021-02-27 v7.00k Hyperref: PDFDocEncoding definition (HO)
Now handling font encoding PD1 ...
... no UTF-8 mapping file for font encoding PD1
)
(c:/Users/Zachary Palmore/AppData/Roaming/TinyTeX/texmf-dist/tex/latex/hyperref
/hyperref-langpatches.def
File: hyperref-langpatches.def 2021-02-27 v7.00k Hyperref: patches for babel la
nguages
)
(c:/Users/Zachary Palmore/AppData/Roaming/TinyTeX/texmf-dist/tex/generic/intcal
c/intcalc.sty
Package: intcalc 2019/12/15 v1.3 Expandable calculations with integers (HO)
)
(c:/Users/Zachary Palmore/AppData/Roaming/TinyTeX/texmf-dist/tex/generic/etexcm
ds/etexcmds.sty
Package: etexcmds 2019/12/15 v1.7 Avoid name clashes with e-TeX commands (HO)
)
\Hy@SavedSpaceFactor=\count267

(c:/Users/Zachary Palmore/AppData/Roaming/TinyTeX/texmf-dist/tex/latex/hyperref
/puenc.def
File: puenc.def 2021-02-27 v7.00k Hyperref: PDF Unicode definition (HO)
Now handling font encoding PU ...
... no UTF-8 mapping file for font encoding PU
)
Package hyperref Info: Option `unicode' set `true' on input line 4073.
Package hyperref Info: Hyper figures OFF on input line 4192.
Package hyperref Info: Link nesting OFF on input line 4197.
Package hyperref Info: Hyper index ON on input line 4200.
Package hyperref Info: Plain pages OFF on input line 4207.
Package hyperref Info: Backreferencing OFF on input line 4212.
Package hyperref Info: Implicit mode ON; LaTeX internals redefined.
Package hyperref Info: Bookmarks ON on input line 4445.
\c@Hy@tempcnt=\count268

(c:/Users/Zachary Palmore/AppData/Roaming/TinyTeX/texmf-dist/tex/latex/url/url.
sty
\Urlmuskip=\muskip17
Package: url 2013/09/16  ver 3.4  Verb mode for urls, etc.
)
LaTeX Info: Redefining \url on input line 4804.
\XeTeXLinkMargin=\dimen149

(c:/Users/Zachary Palmore/AppData/Roaming/TinyTeX/texmf-dist/tex/generic/bitset
/bitset.sty
Package: bitset 2019/12/09 v1.3 Handle bit-vector datatype (HO)

(c:/Users/Zachary Palmore/AppData/Roaming/TinyTeX/texmf-dist/tex/generic/bigint
calc/bigintcalc.sty
Package: bigintcalc 2019/12/15 v1.5 Expandable calculations on big integers (HO
)
))
\Fld@menulength=\count269
\Field@Width=\dimen150
\Fld@charsize=\dimen151
Package hyperref Info: Hyper figures OFF on input line 6075.
Package hyperref Info: Link nesting OFF on input line 6080.
Package hyperref Info: Hyper index ON on input line 6083.
Package hyperref Info: backreferencing OFF on input line 6090.
Package hyperref Info: Link coloring OFF on input line 6095.
Package hyperref Info: Link coloring with OCG OFF on input line 6100.
Package hyperref Info: PDF/A mode OFF on input line 6105.
LaTeX Info: Redefining \ref on input line 6145.
LaTeX Info: Redefining \pageref on input line 6149.

(c:/Users/Zachary Palmore/AppData/Roaming/TinyTeX/texmf-dist/tex/latex/base/atb
egshi-ltx.sty
Package: atbegshi-ltx 2020/08/17 v1.0a Emulation of the original atbegshi packa
ge
with kernel methods
)
\Hy@abspage=\count270
\c@Item=\count271
\c@Hfootnote=\count272
)
Package hyperref Info: Driver (autodetected): hpdftex.

(c:/Users/Zachary Palmore/AppData/Roaming/TinyTeX/texmf-dist/tex/latex/hyperref
/hpdftex.def
File: hpdftex.def 2021-02-27 v7.00k Hyperref driver for pdfTeX

(c:/Users/Zachary Palmore/AppData/Roaming/TinyTeX/texmf-dist/tex/latex/base/atv
eryend-ltx.sty
Package: atveryend-ltx 2020/08/19 v1.0a Emulation of the original atvery packag
e
with kernel methods
)
\Fld@listcount=\count273
\c@bookmark@seq@number=\count274

(c:/Users/Zachary Palmore/AppData/Roaming/TinyTeX/texmf-dist/tex/latex/rerunfil
echeck/rerunfilecheck.sty
Package: rerunfilecheck 2019/12/05 v1.9 Rerun checks for auxiliary files (HO)

(c:/Users/Zachary Palmore/AppData/Roaming/TinyTeX/texmf-dist/tex/generic/unique
counter/uniquecounter.sty
Package: uniquecounter 2019/12/15 v1.4 Provide unlimited unique counter (HO)
)
Package uniquecounter Info: New unique counter `rerunfilecheck' on input line 2
86.
)
\Hy@SectionHShift=\skip52
)
(c:/Users/Zachary Palmore/AppData/Roaming/TinyTeX/texmf-dist/tex/latex/geometry
/geometry.sty
Package: geometry 2020/01/02 v5.9 Page Geometry

(c:/Users/Zachary Palmore/AppData/Roaming/TinyTeX/texmf-dist/tex/generic/iftex/
ifvtex.sty
Package: ifvtex 2019/10/25 v1.7 ifvtex legacy package. Use iftex instead.
)
\Gm@cnth=\count275
\Gm@cntv=\count276
\c@Gm@tempcnt=\count277
\Gm@bindingoffset=\dimen152
\Gm@wd@mp=\dimen153
\Gm@odd@mp=\dimen154
\Gm@even@mp=\dimen155
\Gm@layoutwidth=\dimen156
\Gm@layoutheight=\dimen157
\Gm@layouthoffset=\dimen158
\Gm@layoutvoffset=\dimen159
\Gm@dimlist=\toks24
)
(c:/Users/Zachary Palmore/AppData/Roaming/TinyTeX/texmf-dist/tex/latex/fancyvrb
/fancyvrb.sty
Package: fancyvrb 2021/01/20 v3.7 verbatim text (tvz,hv)
\FV@CodeLineNo=\count278
\FV@InFile=\read2
\FV@TabBox=\box49
\c@FancyVerbLine=\count279
\FV@StepNumber=\count280
\FV@OutFile=\write3
)
(c:/Users/Zachary Palmore/AppData/Roaming/TinyTeX/texmf-dist/tex/latex/framed/f
ramed.sty
Package: framed 2011/10/22 v 0.96: framed or shaded text with page breaks
\OuterFrameSep=\skip53
\fb@frw=\dimen160
\fb@frh=\dimen161
\FrameRule=\dimen162
\FrameSep=\dimen163
)
(c:/Users/Zachary Palmore/AppData/Roaming/TinyTeX/texmf-dist/tex/latex/graphics
/graphicx.sty
Package: graphicx 2020/09/09 v1.2b Enhanced LaTeX Graphics (DPC,SPQR)

(c:/Users/Zachary Palmore/AppData/Roaming/TinyTeX/texmf-dist/tex/latex/graphics
/graphics.sty
Package: graphics 2020/08/30 v1.4c Standard LaTeX Graphics (DPC,SPQR)

(c:/Users/Zachary Palmore/AppData/Roaming/TinyTeX/texmf-dist/tex/latex/graphics
/trig.sty
Package: trig 2016/01/03 v1.10 sin cos tan (DPC)
)
(c:/Users/Zachary Palmore/AppData/Roaming/TinyTeX/texmf-dist/tex/latex/graphics
-cfg/graphics.cfg
File: graphics.cfg 2016/06/04 v1.11 sample graphics configuration
)
Package graphics Info: Driver file: pdftex.def on input line 105.
)
\Gin@req@height=\dimen164
\Gin@req@width=\dimen165
)
(c:/Users/Zachary Palmore/AppData/Roaming/TinyTeX/texmf-dist/tex/latex/grffile/
grffile.sty
Package: grffile 2019/11/11 v2.1 Extended file name support for graphics (legac
y)
Package grffile Info: This package is an empty stub for compatibility on input 
line 40.
)
(c:/Users/Zachary Palmore/AppData/Roaming/TinyTeX/texmf-dist/tex/latex/booktabs
/booktabs.sty
Package: booktabs 2020/01/12 v1.61803398 Publication quality tables
\heavyrulewidth=\dimen166
\lightrulewidth=\dimen167
\cmidrulewidth=\dimen168
\belowrulesep=\dimen169
\belowbottomsep=\dimen170
\aboverulesep=\dimen171
\abovetopsep=\dimen172
\cmidrulesep=\dimen173
\cmidrulekern=\dimen174
\defaultaddspace=\dimen175
\@cmidla=\count281
\@cmidlb=\count282
\@aboverulesep=\dimen176
\@belowrulesep=\dimen177
\@thisruleclass=\count283
\@lastruleclass=\count284
\@thisrulewidth=\dimen178
)
(c:/Users/Zachary Palmore/AppData/Roaming/TinyTeX/texmf-dist/tex/latex/tools/lo
ngtable.sty
Package: longtable 2020/01/07 v4.13 Multi-page Table package (DPC)
\LTleft=\skip54
\LTright=\skip55
\LTpre=\skip56
\LTpost=\skip57
\LTchunksize=\count285
\LTcapwidth=\dimen179
\LT@head=\box50
\LT@firsthead=\box51
\LT@foot=\box52
\LT@lastfoot=\box53
\LT@cols=\count286
\LT@rows=\count287
\c@LT@tables=\count288
\c@LT@chunks=\count289
\LT@p@ftn=\toks25
)
(c:/Users/Zachary Palmore/AppData/Roaming/TinyTeX/texmf-dist/tex/latex/tools/ar
ray.sty
Package: array 2020/10/01 v2.5c Tabular extension package (FMi)
\col@sep=\dimen180
\ar@mcellbox=\box54
\extrarowheight=\dimen181
\NC@list=\toks26
\extratabsurround=\skip58
\backup@length=\skip59
\ar@cellbox=\box55
)
(c:/Users/Zachary Palmore/AppData/Roaming/TinyTeX/texmf-dist/tex/latex/multirow
/multirow.sty
Package: multirow 2019/05/31 v2.5 Span multiple rows of a table
\multirow@colwidth=\skip60
\multirow@cntb=\count290
\multirow@dima=\skip61
\bigstrutjot=\dimen182
)
(c:/Users/Zachary Palmore/AppData/Roaming/TinyTeX/texmf-dist/tex/latex/wrapfig/
wrapfig.sty
\wrapoverhang=\dimen183
\WF@size=\dimen184
\c@WF@wrappedlines=\count291
\WF@box=\box56
\WF@everypar=\toks27
Package: wrapfig 2003/01/31  v 3.6
)
(c:/Users/Zachary Palmore/AppData/Roaming/TinyTeX/texmf-dist/tex/latex/float/fl
oat.sty
Package: float 2001/11/08 v1.3d Float enhancements (AL)
\c@float@type=\count292
\float@exts=\toks28
\float@box=\box57
\@float@everytoks=\toks29
\@floatcapt=\box58
)
(c:/Users/Zachary Palmore/AppData/Roaming/TinyTeX/texmf-dist/tex/latex/colortbl
/colortbl.sty
Package: colortbl 2020/01/04 v1.0e Color table columns (DPC)
\everycr=\toks30
\minrowclearance=\skip62
)
(c:/Users/Zachary Palmore/AppData/Roaming/TinyTeX/texmf-dist/tex/latex/pdflscap
e/pdflscape.sty
Package: pdflscape 2019/12/05 v0.12 Display of landscape pages in PDF (HO)

(c:/Users/Zachary Palmore/AppData/Roaming/TinyTeX/texmf-dist/tex/latex/graphics
/lscape.sty
Package: lscape 2020/05/28 v3.02 Landscape Pages (DPC)
)
Package pdflscape Info: Auto-detected driver: pdftex on input line 81.
)
(c:/Users/Zachary Palmore/AppData/Roaming/TinyTeX/texmf-dist/tex/latex/tabu/tab
u.sty
Package: tabu 2019/01/11 v2.9 - flexible LaTeX tabulars (FC+tabu-fixed)

(c:/Users/Zachary Palmore/AppData/Roaming/TinyTeX/texmf-dist/tex/latex/varwidth
/varwidth.sty
Package: varwidth 2009/03/30 ver 0.92;  Variable-width minipages
\@vwid@box=\box59
\sift@deathcycles=\count293
\@vwid@loff=\dimen185
\@vwid@roff=\dimen186
)
\c@taburow=\count294
\tabu@nbcols=\count295
\tabu@cnt=\count296
\tabu@Xcol=\count297
\tabu@alloc=\count298
\tabu@nested=\count299
\tabu@target=\dimen187
\tabu@spreadtarget=\dimen188
\tabu@naturalX=\dimen189
\tabucolX=\dimen190
\tabu@Xsum=\dimen191
\extrarowdepth=\dimen192
\abovetabulinesep=\dimen193
\belowtabulinesep=\dimen194
\tabustrutrule=\dimen195
\tabu@thebody=\toks31
\tabu@footnotes=\toks32
\tabu@box=\box60
\tabu@arstrutbox=\box61
\tabu@hleads=\box62
\tabu@vleads=\box63
\tabu@cellskip=\skip63
)
(c:/Users/Zachary Palmore/AppData/Roaming/TinyTeX/texmf-dist/tex/latex/threepar
ttable/threeparttable.sty
Package: threeparttable 2003/06/13  v 3.0
\@tempboxb=\box64
)
(c:/Users/Zachary Palmore/AppData/Roaming/TinyTeX/texmf-dist/tex/latex/threepar
ttablex/threeparttablex.sty
Package: threeparttablex 2013/07/23 v0.3 by daleif

(c:/Users/Zachary Palmore/AppData/Roaming/TinyTeX/texmf-dist/tex/latex/environ/
environ.sty
Package: environ 2014/05/04 v0.3 A new way to define environments

(c:/Users/Zachary Palmore/AppData/Roaming/TinyTeX/texmf-dist/tex/latex/trimspac
es/trimspaces.sty
Package: trimspaces 2009/09/17 v1.1 Trim spaces around a token list
))
\TPTL@width=\skip64
)
(c:/Users/Zachary Palmore/AppData/Roaming/TinyTeX/texmf-dist/tex/generic/ulem/u
lem.sty
\UL@box=\box65
\UL@hyphenbox=\box66
\UL@skip=\skip65
\UL@hook=\toks33
\UL@height=\dimen196
\UL@pe=\count300
\UL@pixel=\dimen197
\ULC@box=\box67
Package: ulem 2019/11/18
\ULdepth=\dimen198
)
(c:/Users/Zachary Palmore/AppData/Roaming/TinyTeX/texmf-dist/tex/latex/makecell
/makecell.sty
Package: makecell 2009/08/03 V0.1e Managing of Tab Column Heads and Cells
\rotheadsize=\dimen199
\c@nlinenum=\count301
\TeXr@lab=\toks34
)
(c:/Users/Zachary Palmore/AppData/Roaming/TinyTeX/texmf-dist/tex/latex/l3backen
d/l3backend-pdftex.def
File: l3backend-pdftex.def 2021-05-07 L3 backend support: PDF output (pdfTeX)
\l__color_backend_stack_int=\count302
\l__pdf_internal_box=\box68
) (./CPIAnalysis.aux)
\openout1 = `CPIAnalysis.aux'.

LaTeX Font Info:    Checking defaults for OML/cmm/m/it on input line 121.
LaTeX Font Info:    ... okay on input line 121.
LaTeX Font Info:    Checking defaults for OMS/cmsy/m/n on input line 121.
LaTeX Font Info:    ... okay on input line 121.
LaTeX Font Info:    Checking defaults for OT1/cmr/m/n on input line 121.
LaTeX Font Info:    ... okay on input line 121.
LaTeX Font Info:    Checking defaults for T1/cmr/m/n on input line 121.
LaTeX Font Info:    ... okay on input line 121.
LaTeX Font Info:    Checking defaults for TS1/cmr/m/n on input line 121.
LaTeX Font Info:    ... okay on input line 121.
LaTeX Font Info:    Checking defaults for OMX/cmex/m/n on input line 121.
LaTeX Font Info:    ... okay on input line 121.
LaTeX Font Info:    Checking defaults for U/cmr/m/n on input line 121.
LaTeX Font Info:    ... okay on input line 121.
LaTeX Font Info:    Checking defaults for PD1/pdf/m/n on input line 121.
LaTeX Font Info:    ... okay on input line 121.
LaTeX Font Info:    Checking defaults for PU/pdf/m/n on input line 121.
LaTeX Font Info:    ... okay on input line 121.

(c:/Users/Zachary Palmore/AppData/Roaming/TinyTeX/texmf-dist/tex/latex/epstopdf
-pkg/epstopdf-base.sty
Package: epstopdf-base 2020-01-24 v2.11 Base part for package epstopdf
Package epstopdf-base Info: Redefining graphics rule for `.eps' on input line 4
85.

(c:/Users/Zachary Palmore/AppData/Roaming/TinyTeX/texmf-dist/tex/latex/latexcon
fig/epstopdf-sys.cfg
File: epstopdf-sys.cfg 2010/07/13 v1.3 Configuration of (r)epstopdf for TeX Liv
e
))
Package hyperref Info: Link coloring OFF on input line 121.

(c:/Users/Zachary Palmore/AppData/Roaming/TinyTeX/texmf-dist/tex/latex/hyperref
/nameref.sty
Package: nameref 2021-04-02 v2.47 Cross-referencing by name of section

(c:/Users/Zachary Palmore/AppData/Roaming/TinyTeX/texmf-dist/tex/latex/refcount
/refcount.sty
Package: refcount 2019/12/15 v3.6 Data extraction from label references (HO)
)
(c:/Users/Zachary Palmore/AppData/Roaming/TinyTeX/texmf-dist/tex/generic/gettit
lestring/gettitlestring.sty
Package: gettitlestring 2019/12/15 v1.6 Cleanup title references (HO)
)
\c@section@level=\count303
)
LaTeX Info: Redefining \ref on input line 121.
LaTeX Info: Redefining \pageref on input line 121.
LaTeX Info: Redefining \nameref on input line 121.
(./CPIAnalysis.out) (./CPIAnalysis.out)
\@outlinefile=\write4
\openout4 = `CPIAnalysis.out'.

*geometry* driver: auto-detecting
*geometry* detected driver: pdftex
*geometry* verbose mode - [ preamble ] result:
* driver: pdftex
* paper: <default>
* layout: <same size as paper>
* layoutoffset:(h,v)=(0.0pt,0.0pt)
* modes: 
* h-part:(L,W,R)=(72.26999pt, 469.75502pt, 72.26999pt)
* v-part:(T,H,B)=(72.26999pt, 650.43001pt, 72.26999pt)
* \paperwidth=614.295pt
* \paperheight=794.96999pt
* \textwidth=469.75502pt
* \textheight=650.43001pt
* \oddsidemargin=0.0pt
* \evensidemargin=0.0pt
* \topmargin=-37.0pt
* \headheight=12.0pt
* \headsep=25.0pt
* \topskip=10.0pt
* \footskip=30.0pt
* \marginparwidth=65.0pt
* \marginparsep=11.0pt
* \columnsep=10.0pt
* \skip\footins=9.0pt plus 4.0pt minus 2.0pt
* \hoffset=0.0pt
* \voffset=0.0pt
* \mag=1000
* \@twocolumnfalse
* \@twosidefalse
* \@mparswitchfalse
* \@reversemarginfalse
* (1in=72.27pt=25.4mm, 1cm=28.453pt)

LaTeX Font Info:    Trying to load font information for OT1+lmr on input line 1
23.

(c:/Users/Zachary Palmore/AppData/Roaming/TinyTeX/texmf-dist/tex/latex/lm/ot1lm
r.fd
File: ot1lmr.fd 2015/05/01 v1.6.1 Font defs for Latin Modern
)
LaTeX Font Info:    Trying to load font information for OML+lmm on input line 1
23.

(c:/Users/Zachary Palmore/AppData/Roaming/TinyTeX/texmf-dist/tex/latex/lm/omllm
m.fd
File: omllmm.fd 2015/05/01 v1.6.1 Font defs for Latin Modern
)
LaTeX Font Info:    Trying to load font information for OMS+lmsy on input line 
123.

(c:/Users/Zachary Palmore/AppData/Roaming/TinyTeX/texmf-dist/tex/latex/lm/omslm
sy.fd
File: omslmsy.fd 2015/05/01 v1.6.1 Font defs for Latin Modern
)
LaTeX Font Info:    Trying to load font information for OMX+lmex on input line 
123.

(c:/Users/Zachary Palmore/AppData/Roaming/TinyTeX/texmf-dist/tex/latex/lm/omxlm
ex.fd
File: omxlmex.fd 2015/05/01 v1.6.1 Font defs for Latin Modern
)
LaTeX Font Info:    External font `lmex10' loaded for size
(Font)              <12> on input line 123.
LaTeX Font Info:    External font `lmex10' loaded for size
(Font)              <8> on input line 123.
LaTeX Font Info:    External font `lmex10' loaded for size
(Font)              <6> on input line 123.
LaTeX Font Info:    Trying to load font information for U+msa on input line 123
.

(c:/Users/Zachary Palmore/AppData/Roaming/TinyTeX/texmf-dist/tex/latex/amsfonts
/umsa.fd
File: umsa.fd 2013/01/14 v3.01 AMS symbols A
)
LaTeX Font Info:    Trying to load font information for U+msb on input line 123
.

(c:/Users/Zachary Palmore/AppData/Roaming/TinyTeX/texmf-dist/tex/latex/amsfonts
/umsb.fd
File: umsb.fd 2013/01/14 v3.01 AMS symbols B
)
LaTeX Font Info:    External font `lmex10' loaded for size
(Font)              <10> on input line 129.
LaTeX Font Info:    External font `lmex10' loaded for size
(Font)              <7> on input line 129.
LaTeX Font Info:    External font `lmex10' loaded for size
(Font)              <5> on input line 129.
[1

{c:/Users/Zachary Palmore/AppData/Roaming/TinyTeX/texmf-var/fonts/map/pdftex/up
dmap/pdftex.map}] [2]

LaTeX Warning: `!h' float specifier changed to `!ht'.

<CPIAnalysis_files/figure-latex/unnamed-chunk-4-1.pdf, id=58, 469.755pt x 325.2
15pt>
File: CPIAnalysis_files/figure-latex/unnamed-chunk-4-1.pdf Graphic file (type p
df)
<use CPIAnalysis_files/figure-latex/unnamed-chunk-4-1.pdf>
Package pdftex.def Info: CPIAnalysis_files/figure-latex/unnamed-chunk-4-1.pdf  
used on input line 354.
(pdftex.def)             Requested size: 469.75386pt x 325.2142pt.
[3]
<CPIAnalysis_files/figure-latex/unnamed-chunk-5-1.pdf, id=65, 469.755pt x 325.2
15pt>
File: CPIAnalysis_files/figure-latex/unnamed-chunk-5-1.pdf Graphic file (type p
df)
<use CPIAnalysis_files/figure-latex/unnamed-chunk-5-1.pdf>
Package pdftex.def Info: CPIAnalysis_files/figure-latex/unnamed-chunk-5-1.pdf  
used on input line 365.
(pdftex.def)             Requested size: 469.75386pt x 325.2142pt.
[4pdfTeX warning (ext4): destination with the same identifier (name{table.1}) h
as been already used, duplicate ignored
<argument> ...shipout:D \box_use:N \l_shipout_box 
                                                  
l.367 B
       y filtering the data to include only those CPI values that were less <./
CPIAnalysis_files/figure-latex/unnamed-chunk-4-1.pdf>]
<CPIAnalysis_files/figure-latex/unnamed-chunk-6-1.pdf, id=83, 469.755pt x 325.2
15pt>
File: CPIAnalysis_files/figure-latex/unnamed-chunk-6-1.pdf Graphic file (type p
df)
<use CPIAnalysis_files/figure-latex/unnamed-chunk-6-1.pdf>
Package pdftex.def Info: CPIAnalysis_files/figure-latex/unnamed-chunk-6-1.pdf  
used on input line 376.
(pdftex.def)             Requested size: 469.75386pt x 325.2142pt.
[5 <./CPIAnalysis_files/figure-latex/unnamed-chunk-5-1.pdf>]
LaTeX Font Info:    Trying to load font information for T1+lmtt on input line 3
96.

(c:/Users/Zachary Palmore/AppData/Roaming/TinyTeX/texmf-dist/tex/latex/lm/t1lmt
t.fd
File: t1lmtt.fd 2015/05/01 v1.6.1 Font defs for Latin Modern
) [6 <./CPIAnalysis_files/figure-latex/unnamed-chunk-6-1.pdf>]
<CPIAnalysis_files/figure-latex/unnamed-chunk-7-1.pdf, id=119, 469.755pt x 325.
215pt>
File: CPIAnalysis_files/figure-latex/unnamed-chunk-7-1.pdf Graphic file (type p
df)
<use CPIAnalysis_files/figure-latex/unnamed-chunk-7-1.pdf>
Package pdftex.def Info: CPIAnalysis_files/figure-latex/unnamed-chunk-7-1.pdf  
used on input line 417.
(pdftex.def)             Requested size: 469.75386pt x 325.2142pt.
[7 <./CPIAnalysis_files/figure-latex/unnamed-chunk-7-1.pdf>]
<CPIAnalysis_files/figure-latex/unnamed-chunk-8-1.pdf, id=130, 469.755pt x 325.
215pt>
File: CPIAnalysis_files/figure-latex/unnamed-chunk-8-1.pdf Graphic file (type p
df)
<use CPIAnalysis_files/figure-latex/unnamed-chunk-8-1.pdf>
Package pdftex.def Info: CPIAnalysis_files/figure-latex/unnamed-chunk-8-1.pdf  
used on input line 452.
(pdftex.def)             Requested size: 469.75386pt x 325.2142pt.
[8 <./CPIAnalysis_files/figure-latex/unnamed-chunk-8-1.pdf>]
<CPIAnalysis_files/figure-latex/unnamed-chunk-10-1.pdf, id=140, 469.755pt x 325
.215pt>
File: CPIAnalysis_files/figure-latex/unnamed-chunk-10-1.pdf Graphic file (type 
pdf)
<use CPIAnalysis_files/figure-latex/unnamed-chunk-10-1.pdf>
Package pdftex.def Info: CPIAnalysis_files/figure-latex/unnamed-chunk-10-1.pdf 
 used on input line 514.
(pdftex.def)             Requested size: 469.75386pt x 325.2142pt.
[9]
Overfull \hbox (30.43945pt too wide) in paragraph at lines 530--543
 [][] 
 []

<CPIAnalysis_files/figure-latex/unnamed-chunk-12-1.pdf, id=145, 469.755pt x 325
.215pt>
File: CPIAnalysis_files/figure-latex/unnamed-chunk-12-1.pdf Graphic file (type 
pdf)
<use CPIAnalysis_files/figure-latex/unnamed-chunk-12-1.pdf>
Package pdftex.def Info: CPIAnalysis_files/figure-latex/unnamed-chunk-12-1.pdf 
 used on input line 553.
(pdftex.def)             Requested size: 469.75386pt x 325.2142pt.
[10pdfTeX warning (ext4): destination with the same identifier (name{table.2}) 
has been already used, duplicate ignored
<argument> ...shipout:D \box_use:N \l_shipout_box 
                                                  
l.555 A
       s a final check, we review the standard errors of each prediction and <.
/CPIAnalysis_files/figure-latex/unnamed-chunk-10-1.pdf>]
<CPIAnalysis_files/figure-latex/unnamed-chunk-13-1.pdf, id=158, 469.755pt x 325
.215pt>
File: CPIAnalysis_files/figure-latex/unnamed-chunk-13-1.pdf Graphic file (type 
pdf)
<use CPIAnalysis_files/figure-latex/unnamed-chunk-13-1.pdf>
Package pdftex.def Info: CPIAnalysis_files/figure-latex/unnamed-chunk-13-1.pdf 
 used on input line 561.
(pdftex.def)             Requested size: 469.75386pt x 325.2142pt.
[11 <./CPIAnalysis_files/figure-latex/unnamed-chunk-12-1.pdf>] [12 <./CPIAnalys
is_files/figure-latex/unnamed-chunk-13-1.pdf>]
Underfull \hbox (badness 1502) in paragraph at lines 631--634
[]$[]$\T1/lmr/m/n/10 DeSilver, D. (2020, May 30). How Amer-ica's diet has chang
ed over time. Re-trieved from
 []


Underfull \hbox (badness 10000) in paragraph at lines 631--634
[]$\T1/lmr/m/n/10 https : / / www . pewresearch . org / fact -[] tank / 2016 / 
12 / 13 / whats -[] on -[] your -[] table -[] how -[] americas -[] diet -[] has
 -[] changed -[]
 []


Overfull \hbox (671.8507pt too wide) in paragraph at lines 635--638
\T1/lmr/m/n/10 investopedia . com / terms / c / consumerpriceindex . asp#$[]:~:
text=The%20CPI%20measures%20the%20average,services%2C%20commonly%20known%20as%2
0inflation.&text=The%20quoted%20inflation%20rate%20is,is%20monthly%2C%20quarter
ly%20or%20yearly. 
 []


Underfull \hbox (badness 10000) in paragraph at lines 643--646
\T1/lmr/m/n/10 from []$https : / / www . ers . usda . gov / amber -[] waves / 2
006 / november / adjusting -[] for -[] living -[] costs -[] can -[] change -[] 
who -[]
 []

[13]
LaTeX Font Info:    Font shape `T1/lmtt/bx/n' in size <10> not available
(Font)              Font shape `T1/lmtt/b/n' tried instead on input line 681.
[14] [15] [16] [17] (./CPIAnalysis.aux)
Package rerunfilecheck Info: File `CPIAnalysis.out' has not changed.
(rerunfilecheck)             Checksum: 94C60A30B6E67F909E0DE0D2AB97C5B8;1064.
 ) 
Here is how much of TeX's memory you used:
 12118 strings out of 480806
 182941 string characters out of 5902548
 501368 words of memory out of 5000000
 29204 multiletter control sequences out of 15000+600000
 440785 words of font info for 66 fonts, out of 8000000 for 9000
 14 hyphenation exceptions out of 8191
 60i,9n,63p,387b,466s stack positions out of 5000i,500n,10000p,200000b,80000s
{c:/Users/Zachary Palmore/AppData/Roaming/TinyTeX/texmf-dist/fonts/enc/dvips/
lm/lm-ec.enc}{c:/Users/Zachary Palmore/AppData/Roaming/TinyTeX/texmf-dist/fonts
/enc/dvips/lm/lm-mathit.enc}{c:/Users/Zachary Palmore/AppData/Roaming/TinyTeX/t
exmf-dist/fonts/enc/dvips/lm/lm-rm.enc}<c:/Users/Zachary Palmore/AppData/Roamin
g/TinyTeX/texmf-dist/fonts/type1/public/lm/lmbx12.pfb><c:/Users/Zachary Palmore
/AppData/Roaming/TinyTeX/texmf-dist/fonts/type1/public/lm/lmmi10.pfb><c:/Users/
Zachary Palmore/AppData/Roaming/TinyTeX/texmf-dist/fonts/type1/public/lm/lmr10.
pfb><c:/Users/Zachary Palmore/AppData/Roaming/TinyTeX/texmf-dist/fonts/type1/pu
blic/lm/lmr12.pfb><c:/Users/Zachary Palmore/AppData/Roaming/TinyTeX/texmf-dist/
fonts/type1/public/lm/lmr17.pfb><c:/Users/Zachary Palmore/AppData/Roaming/TinyT
eX/texmf-dist/fonts/type1/public/lm/lmr7.pfb><c:/Users/Zachary Palmore/AppData/
Roaming/TinyTeX/texmf-dist/fonts/type1/public/lm/lmtk10.pfb><c:/Users/Zachary P
almore/AppData/Roaming/TinyTeX/texmf-dist/fonts/type1/public/lm/lmtt10.pfb><c:/
Users/Zachary Palmore/AppData/Roaming/TinyTeX/texmf-dist/fonts/type1/public/lm/
lmtti10.pfb>
Output written on CPIAnalysis.pdf (17 pages, 778085 bytes).
PDF statistics:
 288 PDF objects out of 1000 (max. 8388607)
 233 compressed objects within 3 object streams
 38 named destinations out of 1000 (max. 500000)
 113 words of extra memory for PDF output out of 10000 (max. 10000000)

